<?xml version="1.0" encoding="UTF-8"?>
<testsuite name="co.edu.uniajc.biblioteca.controller.GeneroControllerTest" tests="0" skipped="0" failures="0" errors="0" timestamp="1970-01-01T00:00:00" hostname="LAPTOP-7HPK3AKR" time="0.0">
  <properties/>
  <system-out><![CDATA[2022-05-24 11:42:10.534  INFO 2688 --- [    Test worker] .b.t.c.SpringBootTestContextBootstrapper : Neither @ContextConfiguration nor @ContextHierarchy found for test class [co.edu.uniajc.biblioteca.controller.GeneroControllerTest], using SpringBootContextLoader
2022-05-24 11:42:10.536  INFO 2688 --- [    Test worker] o.s.t.c.support.AbstractContextLoader    : Could not detect default resource locations for test class [co.edu.uniajc.biblioteca.controller.GeneroControllerTest]: no resource found for suffixes {-context.xml, Context.groovy}.
2022-05-24 11:42:10.536  INFO 2688 --- [    Test worker] t.c.s.AnnotationConfigContextLoaderUtils : Could not detect default configuration classes for test class [co.edu.uniajc.biblioteca.controller.GeneroControllerTest]: GeneroControllerTest does not declare any static, non-private, non-final, nested classes annotated with @Configuration.
2022-05-24 11:42:10.539  INFO 2688 --- [    Test worker] .b.t.c.SpringBootTestContextBootstrapper : Found @SpringBootConfiguration co.edu.uniajc.biblioteca.BibliotecaApplication for test class co.edu.uniajc.biblioteca.controller.GeneroControllerTest
2022-05-24 11:42:10.543  INFO 2688 --- [    Test worker] .b.t.c.SpringBootTestContextBootstrapper : Loaded default TestExecutionListener class names from location [META-INF/spring.factories]: [org.springframework.boot.test.autoconfigure.restdocs.RestDocsTestExecutionListener, org.springframework.boot.test.autoconfigure.web.client.MockRestServiceServerResetTestExecutionListener, org.springframework.boot.test.autoconfigure.web.servlet.MockMvcPrintOnlyOnFailureTestExecutionListener, org.springframework.boot.test.autoconfigure.web.servlet.WebDriverTestExecutionListener, org.springframework.boot.test.autoconfigure.webservices.client.MockWebServiceServerTestExecutionListener, org.springframework.boot.test.mock.mockito.MockitoTestExecutionListener, org.springframework.boot.test.mock.mockito.ResetMocksTestExecutionListener, org.springframework.test.context.web.ServletTestExecutionListener, org.springframework.test.context.support.DirtiesContextBeforeModesTestExecutionListener, org.springframework.test.context.event.ApplicationEventsTestExecutionListener, org.springframework.test.context.support.DependencyInjectionTestExecutionListener, org.springframework.test.context.support.DirtiesContextTestExecutionListener, org.springframework.test.context.transaction.TransactionalTestExecutionListener, org.springframework.test.context.jdbc.SqlScriptsTestExecutionListener, org.springframework.test.context.event.EventPublishingTestExecutionListener]
2022-05-24 11:42:10.544  INFO 2688 --- [    Test worker] .b.t.c.SpringBootTestContextBootstrapper : Using TestExecutionListeners: [org.springframework.test.context.web.ServletTestExecutionListener@64c4b87b, org.springframework.test.context.support.DirtiesContextBeforeModesTestExecutionListener@20a50b03, org.springframework.test.context.event.ApplicationEventsTestExecutionListener@55601de8, org.springframework.boot.test.mock.mockito.MockitoTestExecutionListener@59c981c7, org.springframework.boot.test.autoconfigure.SpringBootDependencyInjectionTestExecutionListener@180ffde5, org.springframework.test.context.support.DirtiesContextTestExecutionListener@10fa10f4, org.springframework.test.context.transaction.TransactionalTestExecutionListener@45a0c05e, org.springframework.test.context.jdbc.SqlScriptsTestExecutionListener@50f2a694, org.springframework.test.context.event.EventPublishingTestExecutionListener@377599ba, org.springframework.boot.test.autoconfigure.restdocs.RestDocsTestExecutionListener@77c85210, org.springframework.boot.test.autoconfigure.web.client.MockRestServiceServerResetTestExecutionListener@34a9de87, org.springframework.boot.test.autoconfigure.web.servlet.MockMvcPrintOnlyOnFailureTestExecutionListener@71aa1880, org.springframework.boot.test.autoconfigure.web.servlet.WebDriverTestExecutionListener@6a89f746, org.springframework.boot.test.autoconfigure.webservices.client.MockWebServiceServerTestExecutionListener@5f6470d5, org.springframework.boot.test.mock.mockito.ResetMocksTestExecutionListener@2543d058]
]]></system-out>
  <system-err><![CDATA[]]></system-err>
</testsuite>
