<?xml version="1.0" encoding="UTF-8"?>
<testsuite name="co.edu.uniajc.biblioteca.controller.RevistaControllerTest" tests="0" skipped="0" failures="0" errors="0" timestamp="1970-01-01T00:00:00" hostname="LAPTOP-7HPK3AKR" time="0.0">
  <properties/>
  <system-out><![CDATA[2022-05-24 11:42:10.833  INFO 2688 --- [    Test worker] .b.t.c.SpringBootTestContextBootstrapper : Neither @ContextConfiguration nor @ContextHierarchy found for test class [co.edu.uniajc.biblioteca.controller.RevistaControllerTest], using SpringBootContextLoader
2022-05-24 11:42:10.834  INFO 2688 --- [    Test worker] o.s.t.c.support.AbstractContextLoader    : Could not detect default resource locations for test class [co.edu.uniajc.biblioteca.controller.RevistaControllerTest]: no resource found for suffixes {-context.xml, Context.groovy}.
2022-05-24 11:42:10.834  INFO 2688 --- [    Test worker] t.c.s.AnnotationConfigContextLoaderUtils : Could not detect default configuration classes for test class [co.edu.uniajc.biblioteca.controller.RevistaControllerTest]: RevistaControllerTest does not declare any static, non-private, non-final, nested classes annotated with @Configuration.
2022-05-24 11:42:10.837  INFO 2688 --- [    Test worker] .b.t.c.SpringBootTestContextBootstrapper : Found @SpringBootConfiguration co.edu.uniajc.biblioteca.BibliotecaApplication for test class co.edu.uniajc.biblioteca.controller.RevistaControllerTest
2022-05-24 11:42:10.839  INFO 2688 --- [    Test worker] .b.t.c.SpringBootTestContextBootstrapper : Loaded default TestExecutionListener class names from location [META-INF/spring.factories]: [org.springframework.boot.test.autoconfigure.restdocs.RestDocsTestExecutionListener, org.springframework.boot.test.autoconfigure.web.client.MockRestServiceServerResetTestExecutionListener, org.springframework.boot.test.autoconfigure.web.servlet.MockMvcPrintOnlyOnFailureTestExecutionListener, org.springframework.boot.test.autoconfigure.web.servlet.WebDriverTestExecutionListener, org.springframework.boot.test.autoconfigure.webservices.client.MockWebServiceServerTestExecutionListener, org.springframework.boot.test.mock.mockito.MockitoTestExecutionListener, org.springframework.boot.test.mock.mockito.ResetMocksTestExecutionListener, org.springframework.test.context.web.ServletTestExecutionListener, org.springframework.test.context.support.DirtiesContextBeforeModesTestExecutionListener, org.springframework.test.context.event.ApplicationEventsTestExecutionListener, org.springframework.test.context.support.DependencyInjectionTestExecutionListener, org.springframework.test.context.support.DirtiesContextTestExecutionListener, org.springframework.test.context.transaction.TransactionalTestExecutionListener, org.springframework.test.context.jdbc.SqlScriptsTestExecutionListener, org.springframework.test.context.event.EventPublishingTestExecutionListener]
2022-05-24 11:42:10.840  INFO 2688 --- [    Test worker] .b.t.c.SpringBootTestContextBootstrapper : Using TestExecutionListeners: [org.springframework.test.context.web.ServletTestExecutionListener@6d0d16ee, org.springframework.test.context.support.DirtiesContextBeforeModesTestExecutionListener@1e7cc5cd, org.springframework.test.context.event.ApplicationEventsTestExecutionListener@5094d147, org.springframework.boot.test.mock.mockito.MockitoTestExecutionListener@19761b3f, org.springframework.boot.test.autoconfigure.SpringBootDependencyInjectionTestExecutionListener@1c49c499, org.springframework.test.context.support.DirtiesContextTestExecutionListener@64632870, org.springframework.test.context.transaction.TransactionalTestExecutionListener@128bc352, org.springframework.test.context.jdbc.SqlScriptsTestExecutionListener@3b8d8ddf, org.springframework.test.context.event.EventPublishingTestExecutionListener@6932fb3b, org.springframework.boot.test.autoconfigure.restdocs.RestDocsTestExecutionListener@14ef7ec5, org.springframework.boot.test.autoconfigure.web.client.MockRestServiceServerResetTestExecutionListener@5832ae59, org.springframework.boot.test.autoconfigure.web.servlet.MockMvcPrintOnlyOnFailureTestExecutionListener@f0623f5, org.springframework.boot.test.autoconfigure.web.servlet.WebDriverTestExecutionListener@7113ea0d, org.springframework.boot.test.autoconfigure.webservices.client.MockWebServiceServerTestExecutionListener@1ee5bbbc, org.springframework.boot.test.mock.mockito.ResetMocksTestExecutionListener@53e89e5f]
]]></system-out>
  <system-err><![CDATA[]]></system-err>
</testsuite>
