<?xml version="1.0" encoding="UTF-8"?>
<testsuite name="GET /libro/listarlibros" tests="1" skipped="0" failures="0" errors="0" timestamp="2022-05-25T00:57:32" hostname="MacBook-Pro-de-USUARIO.local" time="0.14">
  <properties/>
  <testcase name="listar libros()" classname="co.edu.uniajc.biblioteca.controller.LibroControllerTest$CrearLibro" time="0.14"/>
  <system-out><![CDATA[2022-05-24 19:57:32.008  INFO 5493 --- [    Test worker] .b.t.c.SpringBootTestContextBootstrapper : Neither @ContextConfiguration nor @ContextHierarchy found for test class [co.edu.uniajc.biblioteca.controller.LibroControllerTest$CrearLibro], using SpringBootContextLoader
2022-05-24 19:57:32.011  INFO 5493 --- [    Test worker] o.s.t.c.support.AbstractContextLoader    : Could not detect default resource locations for test class [co.edu.uniajc.biblioteca.controller.LibroControllerTest$CrearLibro]: no resource found for suffixes {-context.xml, Context.groovy}.
2022-05-24 19:57:32.012  INFO 5493 --- [    Test worker] t.c.s.AnnotationConfigContextLoaderUtils : Could not detect default configuration classes for test class [co.edu.uniajc.biblioteca.controller.LibroControllerTest$CrearLibro]: CrearLibro does not declare any static, non-private, non-final, nested classes annotated with @Configuration.
2022-05-24 19:57:32.020  INFO 5493 --- [    Test worker] .b.t.c.SpringBootTestContextBootstrapper : Found @SpringBootConfiguration co.edu.uniajc.biblioteca.BibliotecaApplication for test class co.edu.uniajc.biblioteca.controller.LibroControllerTest$CrearLibro
2022-05-24 19:57:32.029  INFO 5493 --- [    Test worker] .b.t.c.SpringBootTestContextBootstrapper : Loaded default TestExecutionListener class names from location [META-INF/spring.factories]: [org.springframework.boot.test.autoconfigure.restdocs.RestDocsTestExecutionListener, org.springframework.boot.test.autoconfigure.web.client.MockRestServiceServerResetTestExecutionListener, org.springframework.boot.test.autoconfigure.web.servlet.MockMvcPrintOnlyOnFailureTestExecutionListener, org.springframework.boot.test.autoconfigure.web.servlet.WebDriverTestExecutionListener, org.springframework.boot.test.autoconfigure.webservices.client.MockWebServiceServerTestExecutionListener, org.springframework.boot.test.mock.mockito.MockitoTestExecutionListener, org.springframework.boot.test.mock.mockito.ResetMocksTestExecutionListener, org.springframework.test.context.web.ServletTestExecutionListener, org.springframework.test.context.support.DirtiesContextBeforeModesTestExecutionListener, org.springframework.test.context.event.ApplicationEventsTestExecutionListener, org.springframework.test.context.support.DependencyInjectionTestExecutionListener, org.springframework.test.context.support.DirtiesContextTestExecutionListener, org.springframework.test.context.transaction.TransactionalTestExecutionListener, org.springframework.test.context.jdbc.SqlScriptsTestExecutionListener, org.springframework.test.context.event.EventPublishingTestExecutionListener]
2022-05-24 19:57:32.030  INFO 5493 --- [    Test worker] .b.t.c.SpringBootTestContextBootstrapper : Using TestExecutionListeners: [org.springframework.test.context.web.ServletTestExecutionListener@11b317b7, org.springframework.test.context.support.DirtiesContextBeforeModesTestExecutionListener@5a6003b1, org.springframework.test.context.event.ApplicationEventsTestExecutionListener@7b597ad, org.springframework.boot.test.mock.mockito.MockitoTestExecutionListener@4d57c66e, org.springframework.boot.test.autoconfigure.SpringBootDependencyInjectionTestExecutionListener@44d06edc, org.springframework.test.context.support.DirtiesContextTestExecutionListener@1e77807c, org.springframework.test.context.transaction.TransactionalTestExecutionListener@35d474e0, org.springframework.test.context.jdbc.SqlScriptsTestExecutionListener@4643b082, org.springframework.test.context.event.EventPublishingTestExecutionListener@1a29018, org.springframework.boot.test.autoconfigure.restdocs.RestDocsTestExecutionListener@23748430, org.springframework.boot.test.autoconfigure.web.client.MockRestServiceServerResetTestExecutionListener@351197ca, org.springframework.boot.test.autoconfigure.web.servlet.MockMvcPrintOnlyOnFailureTestExecutionListener@6e8de64a, org.springframework.boot.test.autoconfigure.web.servlet.WebDriverTestExecutionListener@7bba89d3, org.springframework.boot.test.autoconfigure.webservices.client.MockWebServiceServerTestExecutionListener@7ce8c790, org.springframework.boot.test.mock.mockito.ResetMocksTestExecutionListener@457eb000]

MockHttpServletRequest:
      HTTP Method = GET
      Request URI = /libro/listarLibros
       Parameters = {}
          Headers = []
             Body = null
    Session Attrs = {}

Handler:
             Type = co.edu.uniajc.biblioteca.controller.LibroController
           Method = co.edu.uniajc.biblioteca.controller.LibroController#ListarLibros()

Async:
    Async started = false
     Async result = null

Resolved Exception:
             Type = null

ModelAndView:
        View name = null
             View = null
            Model = null

FlashMap:
       Attributes = null

MockHttpServletResponse:
           Status = 200
    Error message = null
          Headers = [Content-Type:"application/json"]
     Content type = application/json
             Body = [{"id":1,"name":"sancho pansa","description":"sancho pansa"},{"id":2,"name":"LIBRO DE SEMINARIO 22","description":"LIBRO DE SEMINARIO 1"},{"id":3,"name":"sancho pansa","description":"sancho pansa"}]
    Forwarded URL = null
   Redirected URL = null
          Cookies = []
]]></system-out>
  <system-err><![CDATA[]]></system-err>
</testsuite>
