<?xml version="1.0" encoding="UTF-8"?>
<testsuite name="co.edu.uniajc.biblioteca.controller.LibroControllerTest" tests="0" skipped="0" failures="0" errors="0" timestamp="1970-01-01T00:00:00" hostname="MacBook-Pro-de-USUARIO.local" time="0.0">
  <properties/>
  <system-out><![CDATA[2022-05-24 19:57:31.914  INFO 5493 --- [    Test worker] .b.t.c.SpringBootTestContextBootstrapper : Neither @ContextConfiguration nor @ContextHierarchy found for test class [co.edu.uniajc.biblioteca.controller.LibroControllerTest], using SpringBootContextLoader
2022-05-24 19:57:31.924  INFO 5493 --- [    Test worker] o.s.t.c.support.AbstractContextLoader    : Could not detect default resource locations for test class [co.edu.uniajc.biblioteca.controller.LibroControllerTest]: no resource found for suffixes {-context.xml, Context.groovy}.
2022-05-24 19:57:31.928  INFO 5493 --- [    Test worker] t.c.s.AnnotationConfigContextLoaderUtils : Could not detect default configuration classes for test class [co.edu.uniajc.biblioteca.controller.LibroControllerTest]: LibroControllerTest does not declare any static, non-private, non-final, nested classes annotated with @Configuration.
2022-05-24 19:57:31.940  INFO 5493 --- [    Test worker] .b.t.c.SpringBootTestContextBootstrapper : Found @SpringBootConfiguration co.edu.uniajc.biblioteca.BibliotecaApplication for test class co.edu.uniajc.biblioteca.controller.LibroControllerTest
2022-05-24 19:57:31.946  INFO 5493 --- [    Test worker] .b.t.c.SpringBootTestContextBootstrapper : Loaded default TestExecutionListener class names from location [META-INF/spring.factories]: [org.springframework.boot.test.autoconfigure.restdocs.RestDocsTestExecutionListener, org.springframework.boot.test.autoconfigure.web.client.MockRestServiceServerResetTestExecutionListener, org.springframework.boot.test.autoconfigure.web.servlet.MockMvcPrintOnlyOnFailureTestExecutionListener, org.springframework.boot.test.autoconfigure.web.servlet.WebDriverTestExecutionListener, org.springframework.boot.test.autoconfigure.webservices.client.MockWebServiceServerTestExecutionListener, org.springframework.boot.test.mock.mockito.MockitoTestExecutionListener, org.springframework.boot.test.mock.mockito.ResetMocksTestExecutionListener, org.springframework.test.context.web.ServletTestExecutionListener, org.springframework.test.context.support.DirtiesContextBeforeModesTestExecutionListener, org.springframework.test.context.event.ApplicationEventsTestExecutionListener, org.springframework.test.context.support.DependencyInjectionTestExecutionListener, org.springframework.test.context.support.DirtiesContextTestExecutionListener, org.springframework.test.context.transaction.TransactionalTestExecutionListener, org.springframework.test.context.jdbc.SqlScriptsTestExecutionListener, org.springframework.test.context.event.EventPublishingTestExecutionListener]
2022-05-24 19:57:31.947  INFO 5493 --- [    Test worker] .b.t.c.SpringBootTestContextBootstrapper : Using TestExecutionListeners: [org.springframework.test.context.web.ServletTestExecutionListener@1c96d596, org.springframework.test.context.support.DirtiesContextBeforeModesTestExecutionListener@4874d75e, org.springframework.test.context.event.ApplicationEventsTestExecutionListener@2af377af, org.springframework.boot.test.mock.mockito.MockitoTestExecutionListener@2b37b35d, org.springframework.boot.test.autoconfigure.SpringBootDependencyInjectionTestExecutionListener@127f9c8, org.springframework.test.context.support.DirtiesContextTestExecutionListener@6f870095, org.springframework.test.context.transaction.TransactionalTestExecutionListener@5ef85cc5, org.springframework.test.context.jdbc.SqlScriptsTestExecutionListener@4843b11c, org.springframework.test.context.event.EventPublishingTestExecutionListener@7614f865, org.springframework.boot.test.autoconfigure.restdocs.RestDocsTestExecutionListener@2140dd9a, org.springframework.boot.test.autoconfigure.web.client.MockRestServiceServerResetTestExecutionListener@3d42a303, org.springframework.boot.test.autoconfigure.web.servlet.MockMvcPrintOnlyOnFailureTestExecutionListener@685c2ee6, org.springframework.boot.test.autoconfigure.web.servlet.WebDriverTestExecutionListener@395a2458, org.springframework.boot.test.autoconfigure.webservices.client.MockWebServiceServerTestExecutionListener@1e5192e4, org.springframework.boot.test.mock.mockito.ResetMocksTestExecutionListener@36a37096]
]]></system-out>
  <system-err><![CDATA[]]></system-err>
</testsuite>
