<?xml version="1.0" encoding="UTF-8"?>
<testsuite name="GET /autor/listarAutores" tests="1" skipped="0" failures="0" errors="0" timestamp="2022-05-24T16:42:09" hostname="LAPTOP-7HPK3AKR" time="0.709">
  <properties/>
  <testcase name="listar Autores()" classname="co.edu.uniajc.biblioteca.controller.AutorControllerTest$ListarAutores" time="0.709"/>
  <system-out><![CDATA[
  .   ____          _            __ _ _
 /\\ / ___'_ __ _ _(_)_ __  __ _ \ \ \ \
( ( )\___ | '_ | '_| | '_ \/ _` | \ \ \ \
 \\/  ___)| |_)| | | | | || (_| |  ) ) ) )
  '  |____| .__|_| |_|_| |_\__, | / / / /
 =========|_|==============|___/=/_/_/_/
 :: Spring Boot ::                (v2.6.7)

2022-05-24 11:42:01.121  INFO 2688 --- [    Test worker] c.e.u.b.controller.AutorControllerTest   : Starting AutorControllerTest using Java 11.0.12 on LAPTOP-7HPK3AKR with PID 2688 (started by jogab in D:\Proyectos\Libreria\java\biblioteca)
2022-05-24 11:42:01.123  INFO 2688 --- [    Test worker] c.e.u.b.controller.AutorControllerTest   : No active profile set, falling back to 1 default profile: "default"
2022-05-24 11:42:02.794  INFO 2688 --- [    Test worker] .s.d.r.c.RepositoryConfigurationDelegate : Bootstrapping Spring Data JPA repositories in DEFAULT mode.
2022-05-24 11:42:02.888  INFO 2688 --- [    Test worker] .s.d.r.c.RepositoryConfigurationDelegate : Finished Spring Data repository scanning in 82 ms. Found 4 JPA repository interfaces.
2022-05-24 11:42:03.717  INFO 2688 --- [    Test worker] com.zaxxer.hikari.HikariDataSource       : HikariPool-1 - Starting...
2022-05-24 11:42:04.067  INFO 2688 --- [    Test worker] com.zaxxer.hikari.HikariDataSource       : HikariPool-1 - Start completed.
2022-05-24 11:42:04.101  INFO 2688 --- [    Test worker] o.f.c.internal.license.VersionPrinter    : Flyway Community Edition 8.0.5 by Redgate
2022-05-24 11:42:04.102  INFO 2688 --- [    Test worker] o.f.c.i.database.base.BaseDatabaseType   : Database: jdbc:postgresql://localhost:5432/biblioteca (PostgreSQL 14.0)
2022-05-24 11:42:04.176  INFO 2688 --- [    Test worker] o.f.core.internal.command.DbValidate     : Successfully validated 1 migration (execution time 00:00.031s)
2022-05-24 11:42:04.192  INFO 2688 --- [    Test worker] o.f.core.internal.command.DbMigrate      : Current version of schema "schemaConce": null
2022-05-24 11:42:04.193  INFO 2688 --- [    Test worker] o.f.core.internal.command.DbMigrate      : Schema "schemaConce" is up to date. No migration necessary.
2022-05-24 11:42:04.486  INFO 2688 --- [    Test worker] o.hibernate.jpa.internal.util.LogHelper  : HHH000204: Processing PersistenceUnitInfo [name: default]
2022-05-24 11:42:04.573  INFO 2688 --- [    Test worker] org.hibernate.Version                    : HHH000412: Hibernate ORM core version 5.6.8.Final
2022-05-24 11:42:04.886  INFO 2688 --- [    Test worker] o.hibernate.annotations.common.Version   : HCANN000001: Hibernate Commons Annotations {5.1.2.Final}
2022-05-24 11:42:05.089  INFO 2688 --- [    Test worker] org.hibernate.dialect.Dialect            : HHH000400: Using dialect: org.hibernate.dialect.PostgreSQL94Dialect
2022-05-24 11:42:05.742  INFO 2688 --- [    Test worker] o.h.e.t.j.p.i.JtaPlatformInitiator       : HHH000490: Using JtaPlatform implementation: [org.hibernate.engine.transaction.jta.platform.internal.NoJtaPlatform]
2022-05-24 11:42:05.757  INFO 2688 --- [    Test worker] j.LocalContainerEntityManagerFactoryBean : Initialized JPA EntityManagerFactory for persistence unit 'default'
2022-05-24 11:42:07.102  WARN 2688 --- [    Test worker] JpaBaseConfiguration$JpaWebConfiguration : spring.jpa.open-in-view is enabled by default. Therefore, database queries may be performed during view rendering. Explicitly configure spring.jpa.open-in-view to disable this warning
2022-05-24 11:42:09.419  INFO 2688 --- [    Test worker] o.s.b.t.m.w.SpringBootMockServletContext : Initializing Spring TestDispatcherServlet ''
2022-05-24 11:42:09.419  INFO 2688 --- [    Test worker] o.s.t.web.servlet.TestDispatcherServlet  : Initializing Servlet ''
2022-05-24 11:42:09.428  INFO 2688 --- [    Test worker] o.s.b.a.e.web.EndpointLinksResolver      : Exposing 1 endpoint(s) beneath base path '/actuator'
2022-05-24 11:42:09.457  INFO 2688 --- [    Test worker] o.s.t.web.servlet.TestDispatcherServlet  : Completed initialization in 38 ms
2022-05-24 11:42:09.505  INFO 2688 --- [    Test worker] c.e.u.b.controller.AutorControllerTest   : Started AutorControllerTest in 8.92 seconds (JVM running for 11.415)
2022-05-24 11:42:09.604  INFO 2688 --- [    Test worker] .b.t.c.SpringBootTestContextBootstrapper : Neither @ContextConfiguration nor @ContextHierarchy found for test class [co.edu.uniajc.biblioteca.controller.AutorControllerTest$ListarAutores], using SpringBootContextLoader
2022-05-24 11:42:09.605  INFO 2688 --- [    Test worker] o.s.t.c.support.AbstractContextLoader    : Could not detect default resource locations for test class [co.edu.uniajc.biblioteca.controller.AutorControllerTest$ListarAutores]: no resource found for suffixes {-context.xml, Context.groovy}.
2022-05-24 11:42:09.606  INFO 2688 --- [    Test worker] t.c.s.AnnotationConfigContextLoaderUtils : Could not detect default configuration classes for test class [co.edu.uniajc.biblioteca.controller.AutorControllerTest$ListarAutores]: ListarAutores does not declare any static, non-private, non-final, nested classes annotated with @Configuration.
2022-05-24 11:42:09.610  INFO 2688 --- [    Test worker] .b.t.c.SpringBootTestContextBootstrapper : Found @SpringBootConfiguration co.edu.uniajc.biblioteca.BibliotecaApplication for test class co.edu.uniajc.biblioteca.controller.AutorControllerTest$ListarAutores
2022-05-24 11:42:09.614  INFO 2688 --- [    Test worker] .b.t.c.SpringBootTestContextBootstrapper : Loaded default TestExecutionListener class names from location [META-INF/spring.factories]: [org.springframework.boot.test.autoconfigure.restdocs.RestDocsTestExecutionListener, org.springframework.boot.test.autoconfigure.web.client.MockRestServiceServerResetTestExecutionListener, org.springframework.boot.test.autoconfigure.web.servlet.MockMvcPrintOnlyOnFailureTestExecutionListener, org.springframework.boot.test.autoconfigure.web.servlet.WebDriverTestExecutionListener, org.springframework.boot.test.autoconfigure.webservices.client.MockWebServiceServerTestExecutionListener, org.springframework.boot.test.mock.mockito.MockitoTestExecutionListener, org.springframework.boot.test.mock.mockito.ResetMocksTestExecutionListener, org.springframework.test.context.web.ServletTestExecutionListener, org.springframework.test.context.support.DirtiesContextBeforeModesTestExecutionListener, org.springframework.test.context.event.ApplicationEventsTestExecutionListener, org.springframework.test.context.support.DependencyInjectionTestExecutionListener, org.springframework.test.context.support.DirtiesContextTestExecutionListener, org.springframework.test.context.transaction.TransactionalTestExecutionListener, org.springframework.test.context.jdbc.SqlScriptsTestExecutionListener, org.springframework.test.context.event.EventPublishingTestExecutionListener]
2022-05-24 11:42:09.614  INFO 2688 --- [    Test worker] .b.t.c.SpringBootTestContextBootstrapper : Using TestExecutionListeners: [org.springframework.test.context.web.ServletTestExecutionListener@2684d3ca, org.springframework.test.context.support.DirtiesContextBeforeModesTestExecutionListener@270ed69d, org.springframework.test.context.event.ApplicationEventsTestExecutionListener@380b2546, org.springframework.boot.test.mock.mockito.MockitoTestExecutionListener@7cbddf5c, org.springframework.boot.test.autoconfigure.SpringBootDependencyInjectionTestExecutionListener@7c275982, org.springframework.test.context.support.DirtiesContextTestExecutionListener@2d4cd2a5, org.springframework.test.context.transaction.TransactionalTestExecutionListener@4c0cf35f, org.springframework.test.context.jdbc.SqlScriptsTestExecutionListener@5e5992bd, org.springframework.test.context.event.EventPublishingTestExecutionListener@18f42bbd, org.springframework.boot.test.autoconfigure.restdocs.RestDocsTestExecutionListener@53e61bfc, org.springframework.boot.test.autoconfigure.web.client.MockRestServiceServerResetTestExecutionListener@78db8cd4, org.springframework.boot.test.autoconfigure.web.servlet.MockMvcPrintOnlyOnFailureTestExecutionListener@6a052508, org.springframework.boot.test.autoconfigure.web.servlet.WebDriverTestExecutionListener@53955236, org.springframework.boot.test.autoconfigure.webservices.client.MockWebServiceServerTestExecutionListener@30cf8a43, org.springframework.boot.test.mock.mockito.ResetMocksTestExecutionListener@14560da2]

MockHttpServletRequest:
      HTTP Method = GET
      Request URI = /autor/listarAutores
       Parameters = {}
          Headers = []
             Body = null
    Session Attrs = {}

Handler:
             Type = co.edu.uniajc.biblioteca.controller.AutorController
           Method = co.edu.uniajc.biblioteca.controller.AutorController#listarAutores()

Async:
    Async started = false
     Async result = null

Resolved Exception:
             Type = null

ModelAndView:
        View name = null
             View = null
            Model = null

FlashMap:
       Attributes = null

MockHttpServletResponse:
           Status = 200
    Error message = null
          Headers = [Content-Type:"application/json"]
     Content type = application/json
             Body = [{"id":1,"name":"MORIZ","nation":"Colombia","numlib":1},{"id":2,"name":"JUAN","nation":"Colombia","numlib":2},{"id":3,"name":"JUAN","nation":"Colombia","numlib":2}]
    Forwarded URL = null
   Redirected URL = null
          Cookies = []
]]></system-out>
  <system-err><![CDATA[]]></system-err>
</testsuite>
