<?xml version="1.0" encoding="UTF-8"?>
<testsuite name="co.edu.uniajc.biblioteca.controller.RevistaControllerTest" tests="0" skipped="0" failures="0" errors="0" timestamp="1970-01-01T00:00:00" hostname="MacBook-Pro-de-USUARIO.local" time="0.0">
  <properties/>
  <system-out><![CDATA[2022-05-24 19:57:32.387  INFO 5493 --- [    Test worker] .b.t.c.SpringBootTestContextBootstrapper : Neither @ContextConfiguration nor @ContextHierarchy found for test class [co.edu.uniajc.biblioteca.controller.RevistaControllerTest], using SpringBootContextLoader
2022-05-24 19:57:32.389  INFO 5493 --- [    Test worker] o.s.t.c.support.AbstractContextLoader    : Could not detect default resource locations for test class [co.edu.uniajc.biblioteca.controller.RevistaControllerTest]: no resource found for suffixes {-context.xml, Context.groovy}.
2022-05-24 19:57:32.391  INFO 5493 --- [    Test worker] t.c.s.AnnotationConfigContextLoaderUtils : Could not detect default configuration classes for test class [co.edu.uniajc.biblioteca.controller.RevistaControllerTest]: RevistaControllerTest does not declare any static, non-private, non-final, nested classes annotated with @Configuration.
2022-05-24 19:57:32.406  INFO 5493 --- [    Test worker] .b.t.c.SpringBootTestContextBootstrapper : Found @SpringBootConfiguration co.edu.uniajc.biblioteca.BibliotecaApplication for test class co.edu.uniajc.biblioteca.controller.RevistaControllerTest
2022-05-24 19:57:32.418  INFO 5493 --- [    Test worker] .b.t.c.SpringBootTestContextBootstrapper : Loaded default TestExecutionListener class names from location [META-INF/spring.factories]: [org.springframework.boot.test.autoconfigure.restdocs.RestDocsTestExecutionListener, org.springframework.boot.test.autoconfigure.web.client.MockRestServiceServerResetTestExecutionListener, org.springframework.boot.test.autoconfigure.web.servlet.MockMvcPrintOnlyOnFailureTestExecutionListener, org.springframework.boot.test.autoconfigure.web.servlet.WebDriverTestExecutionListener, org.springframework.boot.test.autoconfigure.webservices.client.MockWebServiceServerTestExecutionListener, org.springframework.boot.test.mock.mockito.MockitoTestExecutionListener, org.springframework.boot.test.mock.mockito.ResetMocksTestExecutionListener, org.springframework.test.context.web.ServletTestExecutionListener, org.springframework.test.context.support.DirtiesContextBeforeModesTestExecutionListener, org.springframework.test.context.event.ApplicationEventsTestExecutionListener, org.springframework.test.context.support.DependencyInjectionTestExecutionListener, org.springframework.test.context.support.DirtiesContextTestExecutionListener, org.springframework.test.context.transaction.TransactionalTestExecutionListener, org.springframework.test.context.jdbc.SqlScriptsTestExecutionListener, org.springframework.test.context.event.EventPublishingTestExecutionListener]
2022-05-24 19:57:32.419  INFO 5493 --- [    Test worker] .b.t.c.SpringBootTestContextBootstrapper : Using TestExecutionListeners: [org.springframework.test.context.web.ServletTestExecutionListener@5bb37371, org.springframework.test.context.support.DirtiesContextBeforeModesTestExecutionListener@7f415ae0, org.springframework.test.context.event.ApplicationEventsTestExecutionListener@5d1557e6, org.springframework.boot.test.mock.mockito.MockitoTestExecutionListener@413eb0a6, org.springframework.boot.test.autoconfigure.SpringBootDependencyInjectionTestExecutionListener@1566b0b, org.springframework.test.context.support.DirtiesContextTestExecutionListener@74b5a79b, org.springframework.test.context.transaction.TransactionalTestExecutionListener@368648c, org.springframework.test.context.jdbc.SqlScriptsTestExecutionListener@37675fc7, org.springframework.test.context.event.EventPublishingTestExecutionListener@5db7413, org.springframework.boot.test.autoconfigure.restdocs.RestDocsTestExecutionListener@5c8b824c, org.springframework.boot.test.autoconfigure.web.client.MockRestServiceServerResetTestExecutionListener@1c87d155, org.springframework.boot.test.autoconfigure.web.servlet.MockMvcPrintOnlyOnFailureTestExecutionListener@11933c65, org.springframework.boot.test.autoconfigure.web.servlet.WebDriverTestExecutionListener@4f36a9a8, org.springframework.boot.test.autoconfigure.webservices.client.MockWebServiceServerTestExecutionListener@4f2fcbe0, org.springframework.boot.test.mock.mockito.ResetMocksTestExecutionListener@6d80b629]
]]></system-out>
  <system-err><![CDATA[]]></system-err>
</testsuite>
