<?xml version="1.0" encoding="UTF-8"?>
<testsuite name="POST /libro/updateRevista" tests="1" skipped="0" failures="0" errors="0" timestamp="2022-05-25T00:57:32" hostname="MacBook-Pro-de-USUARIO.local" time="0.132">
  <properties/>
  <testcase name="actualizar revista()" classname="co.edu.uniajc.biblioteca.controller.RevistaControllerTest$PostNewBank" time="0.132"/>
  <system-out><![CDATA[2022-05-24 19:57:32.770  INFO 5493 --- [    Test worker] .b.t.c.SpringBootTestContextBootstrapper : Neither @ContextConfiguration nor @ContextHierarchy found for test class [co.edu.uniajc.biblioteca.controller.RevistaControllerTest$PostNewBank], using SpringBootContextLoader
2022-05-24 19:57:32.772  INFO 5493 --- [    Test worker] o.s.t.c.support.AbstractContextLoader    : Could not detect default resource locations for test class [co.edu.uniajc.biblioteca.controller.RevistaControllerTest$PostNewBank]: no resource found for suffixes {-context.xml, Context.groovy}.
2022-05-24 19:57:32.773  INFO 5493 --- [    Test worker] t.c.s.AnnotationConfigContextLoaderUtils : Could not detect default configuration classes for test class [co.edu.uniajc.biblioteca.controller.RevistaControllerTest$PostNewBank]: PostNewBank does not declare any static, non-private, non-final, nested classes annotated with @Configuration.
2022-05-24 19:57:32.785  INFO 5493 --- [    Test worker] .b.t.c.SpringBootTestContextBootstrapper : Found @SpringBootConfiguration co.edu.uniajc.biblioteca.BibliotecaApplication for test class co.edu.uniajc.biblioteca.controller.RevistaControllerTest$PostNewBank
2022-05-24 19:57:32.793  INFO 5493 --- [    Test worker] .b.t.c.SpringBootTestContextBootstrapper : Loaded default TestExecutionListener class names from location [META-INF/spring.factories]: [org.springframework.boot.test.autoconfigure.restdocs.RestDocsTestExecutionListener, org.springframework.boot.test.autoconfigure.web.client.MockRestServiceServerResetTestExecutionListener, org.springframework.boot.test.autoconfigure.web.servlet.MockMvcPrintOnlyOnFailureTestExecutionListener, org.springframework.boot.test.autoconfigure.web.servlet.WebDriverTestExecutionListener, org.springframework.boot.test.autoconfigure.webservices.client.MockWebServiceServerTestExecutionListener, org.springframework.boot.test.mock.mockito.MockitoTestExecutionListener, org.springframework.boot.test.mock.mockito.ResetMocksTestExecutionListener, org.springframework.test.context.web.ServletTestExecutionListener, org.springframework.test.context.support.DirtiesContextBeforeModesTestExecutionListener, org.springframework.test.context.event.ApplicationEventsTestExecutionListener, org.springframework.test.context.support.DependencyInjectionTestExecutionListener, org.springframework.test.context.support.DirtiesContextTestExecutionListener, org.springframework.test.context.transaction.TransactionalTestExecutionListener, org.springframework.test.context.jdbc.SqlScriptsTestExecutionListener, org.springframework.test.context.event.EventPublishingTestExecutionListener]
2022-05-24 19:57:32.795  INFO 5493 --- [    Test worker] .b.t.c.SpringBootTestContextBootstrapper : Using TestExecutionListeners: [org.springframework.test.context.web.ServletTestExecutionListener@5cd1e346, org.springframework.test.context.support.DirtiesContextBeforeModesTestExecutionListener@68d72db0, org.springframework.test.context.event.ApplicationEventsTestExecutionListener@7f25741f, org.springframework.boot.test.mock.mockito.MockitoTestExecutionListener@f3e36aa, org.springframework.boot.test.autoconfigure.SpringBootDependencyInjectionTestExecutionListener@5ca63fd8, org.springframework.test.context.support.DirtiesContextTestExecutionListener@dcd3351, org.springframework.test.context.transaction.TransactionalTestExecutionListener@599c3b7b, org.springframework.test.context.jdbc.SqlScriptsTestExecutionListener@2769cd84, org.springframework.test.context.event.EventPublishingTestExecutionListener@4adc7e4e, org.springframework.boot.test.autoconfigure.restdocs.RestDocsTestExecutionListener@2eef9bff, org.springframework.boot.test.autoconfigure.web.client.MockRestServiceServerResetTestExecutionListener@16903aba, org.springframework.boot.test.autoconfigure.web.servlet.MockMvcPrintOnlyOnFailureTestExecutionListener@7f7cd001, org.springframework.boot.test.autoconfigure.web.servlet.WebDriverTestExecutionListener@56fbefae, org.springframework.boot.test.autoconfigure.webservices.client.MockWebServiceServerTestExecutionListener@499b6ed, org.springframework.boot.test.mock.mockito.ResetMocksTestExecutionListener@134b192e]

MockHttpServletRequest:
      HTTP Method = POST
      Request URI = /revista/updateRevista
       Parameters = {}
          Headers = [Content-Type:"application/json;charset=UTF-8", Content-Length:"59"]
             Body = {"id":2,"name":"sancho pansa","description":"sancho pansa"}
    Session Attrs = {}

Handler:
             Type = co.edu.uniajc.biblioteca.controller.RevistaController
           Method = co.edu.uniajc.biblioteca.controller.RevistaController#updateRevista(RevistaModel)

Async:
    Async started = false
     Async result = null

Resolved Exception:
             Type = null

ModelAndView:
        View name = null
             View = null
            Model = null

FlashMap:
       Attributes = null

MockHttpServletResponse:
           Status = 200
    Error message = null
          Headers = [Content-Type:"application/json"]
     Content type = application/json
             Body = {"id":2,"name":"sancho pansa","description":"sancho pansa"}
    Forwarded URL = null
   Redirected URL = null
          Cookies = []
]]></system-out>
  <system-err><![CDATA[]]></system-err>
</testsuite>
