<?xml version="1.0" encoding="UTF-8"?>
<testsuite name="POST /autor/updateAutor" tests="1" skipped="0" failures="0" errors="0" timestamp="2022-05-25T00:57:30" hostname="MacBook-Pro-de-USUARIO.local" time="1.12">
  <properties/>
  <testcase name="actualizar autor()" classname="co.edu.uniajc.biblioteca.controller.AutorControllerTest$PostUpdateGenero" time="1.12"/>
  <system-out><![CDATA[2022-05-24 19:57:30.048  INFO 5493 --- [    Test worker] .b.t.c.SpringBootTestContextBootstrapper : Neither @ContextConfiguration nor @ContextHierarchy found for test class [co.edu.uniajc.biblioteca.controller.AutorControllerTest$PostUpdateGenero], using SpringBootContextLoader
2022-05-24 19:57:30.052  INFO 5493 --- [    Test worker] o.s.t.c.support.AbstractContextLoader    : Could not detect default resource locations for test class [co.edu.uniajc.biblioteca.controller.AutorControllerTest$PostUpdateGenero]: no resource found for suffixes {-context.xml, Context.groovy}.
2022-05-24 19:57:30.055  INFO 5493 --- [    Test worker] t.c.s.AnnotationConfigContextLoaderUtils : Could not detect default configuration classes for test class [co.edu.uniajc.biblioteca.controller.AutorControllerTest$PostUpdateGenero]: PostUpdateGenero does not declare any static, non-private, non-final, nested classes annotated with @Configuration.
2022-05-24 19:57:30.067  INFO 5493 --- [    Test worker] .b.t.c.SpringBootTestContextBootstrapper : Found @SpringBootConfiguration co.edu.uniajc.biblioteca.BibliotecaApplication for test class co.edu.uniajc.biblioteca.controller.AutorControllerTest$PostUpdateGenero
2022-05-24 19:57:30.079  INFO 5493 --- [    Test worker] .b.t.c.SpringBootTestContextBootstrapper : Loaded default TestExecutionListener class names from location [META-INF/spring.factories]: [org.springframework.boot.test.autoconfigure.restdocs.RestDocsTestExecutionListener, org.springframework.boot.test.autoconfigure.web.client.MockRestServiceServerResetTestExecutionListener, org.springframework.boot.test.autoconfigure.web.servlet.MockMvcPrintOnlyOnFailureTestExecutionListener, org.springframework.boot.test.autoconfigure.web.servlet.WebDriverTestExecutionListener, org.springframework.boot.test.autoconfigure.webservices.client.MockWebServiceServerTestExecutionListener, org.springframework.boot.test.mock.mockito.MockitoTestExecutionListener, org.springframework.boot.test.mock.mockito.ResetMocksTestExecutionListener, org.springframework.test.context.web.ServletTestExecutionListener, org.springframework.test.context.support.DirtiesContextBeforeModesTestExecutionListener, org.springframework.test.context.event.ApplicationEventsTestExecutionListener, org.springframework.test.context.support.DependencyInjectionTestExecutionListener, org.springframework.test.context.support.DirtiesContextTestExecutionListener, org.springframework.test.context.transaction.TransactionalTestExecutionListener, org.springframework.test.context.jdbc.SqlScriptsTestExecutionListener, org.springframework.test.context.event.EventPublishingTestExecutionListener]
2022-05-24 19:57:30.083  INFO 5493 --- [    Test worker] .b.t.c.SpringBootTestContextBootstrapper : Using TestExecutionListeners: [org.springframework.test.context.web.ServletTestExecutionListener@48b920e8, org.springframework.test.context.support.DirtiesContextBeforeModesTestExecutionListener@33fdca8f, org.springframework.test.context.event.ApplicationEventsTestExecutionListener@59d86291, org.springframework.boot.test.mock.mockito.MockitoTestExecutionListener@1448a65b, org.springframework.boot.test.autoconfigure.SpringBootDependencyInjectionTestExecutionListener@15f77a5a, org.springframework.test.context.support.DirtiesContextTestExecutionListener@480363d9, org.springframework.test.context.transaction.TransactionalTestExecutionListener@52d54ca2, org.springframework.test.context.jdbc.SqlScriptsTestExecutionListener@3fe42dd, org.springframework.test.context.event.EventPublishingTestExecutionListener@2d75cd52, org.springframework.boot.test.autoconfigure.restdocs.RestDocsTestExecutionListener@7e3b6e8e, org.springframework.boot.test.autoconfigure.web.client.MockRestServiceServerResetTestExecutionListener@6739db7, org.springframework.boot.test.autoconfigure.web.servlet.MockMvcPrintOnlyOnFailureTestExecutionListener@776adf0e, org.springframework.boot.test.autoconfigure.web.servlet.WebDriverTestExecutionListener@747683ec, org.springframework.boot.test.autoconfigure.webservices.client.MockWebServiceServerTestExecutionListener@511cccf2, org.springframework.boot.test.mock.mockito.ResetMocksTestExecutionListener@4b186d43]

MockHttpServletRequest:
      HTTP Method = POST
      Request URI = /autor/updateAutor
       Parameters = {}
          Headers = [Content-Type:"application/json;charset=UTF-8", Content-Length:"53"]
             Body = {"id":2,"name":"JUAN","nation":"Colombia","numlib":2}
    Session Attrs = {}

Handler:
             Type = co.edu.uniajc.biblioteca.controller.AutorController
           Method = co.edu.uniajc.biblioteca.controller.AutorController#updateAutor(AutorModel)

Async:
    Async started = false
     Async result = null

Resolved Exception:
             Type = null

ModelAndView:
        View name = null
             View = null
            Model = null

FlashMap:
       Attributes = null

MockHttpServletResponse:
           Status = 200
    Error message = null
          Headers = [Content-Type:"application/json"]
     Content type = application/json
             Body = {"id":2,"name":"JUAN","nation":"Colombia","numlib":2}
    Forwarded URL = null
   Redirected URL = null
          Cookies = []
]]></system-out>
  <system-err><![CDATA[]]></system-err>
</testsuite>
