<?xml version="1.0" encoding="UTF-8"?>
<testsuite name="POST /libro/updateLibro" tests="1" skipped="0" failures="0" errors="0" timestamp="2022-05-25T00:57:32" hostname="MacBook-Pro-de-USUARIO.local" time="0.15">
  <properties/>
  <testcase name="actualizar libros()" classname="co.edu.uniajc.biblioteca.controller.LibroControllerTest$PostNewBank" time="0.15"/>
  <system-out><![CDATA[2022-05-24 19:57:32.191  INFO 5493 --- [    Test worker] .b.t.c.SpringBootTestContextBootstrapper : Neither @ContextConfiguration nor @ContextHierarchy found for test class [co.edu.uniajc.biblioteca.controller.LibroControllerTest$PostNewBank], using SpringBootContextLoader
2022-05-24 19:57:32.196  INFO 5493 --- [    Test worker] o.s.t.c.support.AbstractContextLoader    : Could not detect default resource locations for test class [co.edu.uniajc.biblioteca.controller.LibroControllerTest$PostNewBank]: no resource found for suffixes {-context.xml, Context.groovy}.
2022-05-24 19:57:32.196  INFO 5493 --- [    Test worker] t.c.s.AnnotationConfigContextLoaderUtils : Could not detect default configuration classes for test class [co.edu.uniajc.biblioteca.controller.LibroControllerTest$PostNewBank]: PostNewBank does not declare any static, non-private, non-final, nested classes annotated with @Configuration.
2022-05-24 19:57:32.206  INFO 5493 --- [    Test worker] .b.t.c.SpringBootTestContextBootstrapper : Found @SpringBootConfiguration co.edu.uniajc.biblioteca.BibliotecaApplication for test class co.edu.uniajc.biblioteca.controller.LibroControllerTest$PostNewBank
2022-05-24 19:57:32.217  INFO 5493 --- [    Test worker] .b.t.c.SpringBootTestContextBootstrapper : Loaded default TestExecutionListener class names from location [META-INF/spring.factories]: [org.springframework.boot.test.autoconfigure.restdocs.RestDocsTestExecutionListener, org.springframework.boot.test.autoconfigure.web.client.MockRestServiceServerResetTestExecutionListener, org.springframework.boot.test.autoconfigure.web.servlet.MockMvcPrintOnlyOnFailureTestExecutionListener, org.springframework.boot.test.autoconfigure.web.servlet.WebDriverTestExecutionListener, org.springframework.boot.test.autoconfigure.webservices.client.MockWebServiceServerTestExecutionListener, org.springframework.boot.test.mock.mockito.MockitoTestExecutionListener, org.springframework.boot.test.mock.mockito.ResetMocksTestExecutionListener, org.springframework.test.context.web.ServletTestExecutionListener, org.springframework.test.context.support.DirtiesContextBeforeModesTestExecutionListener, org.springframework.test.context.event.ApplicationEventsTestExecutionListener, org.springframework.test.context.support.DependencyInjectionTestExecutionListener, org.springframework.test.context.support.DirtiesContextTestExecutionListener, org.springframework.test.context.transaction.TransactionalTestExecutionListener, org.springframework.test.context.jdbc.SqlScriptsTestExecutionListener, org.springframework.test.context.event.EventPublishingTestExecutionListener]
2022-05-24 19:57:32.217  INFO 5493 --- [    Test worker] .b.t.c.SpringBootTestContextBootstrapper : Using TestExecutionListeners: [org.springframework.test.context.web.ServletTestExecutionListener@86173a0, org.springframework.test.context.support.DirtiesContextBeforeModesTestExecutionListener@17057bb2, org.springframework.test.context.event.ApplicationEventsTestExecutionListener@28e12c6, org.springframework.boot.test.mock.mockito.MockitoTestExecutionListener@54fe7b8e, org.springframework.boot.test.autoconfigure.SpringBootDependencyInjectionTestExecutionListener@5781eec2, org.springframework.test.context.support.DirtiesContextTestExecutionListener@6be5d76b, org.springframework.test.context.transaction.TransactionalTestExecutionListener@198ff0f3, org.springframework.test.context.jdbc.SqlScriptsTestExecutionListener@3e8aca47, org.springframework.test.context.event.EventPublishingTestExecutionListener@6625d4aa, org.springframework.boot.test.autoconfigure.restdocs.RestDocsTestExecutionListener@23be198a, org.springframework.boot.test.autoconfigure.web.client.MockRestServiceServerResetTestExecutionListener@45507d66, org.springframework.boot.test.autoconfigure.web.servlet.MockMvcPrintOnlyOnFailureTestExecutionListener@2d604f79, org.springframework.boot.test.autoconfigure.web.servlet.WebDriverTestExecutionListener@65284efb, org.springframework.boot.test.autoconfigure.webservices.client.MockWebServiceServerTestExecutionListener@3689699d, org.springframework.boot.test.mock.mockito.ResetMocksTestExecutionListener@70749967]

MockHttpServletRequest:
      HTTP Method = POST
      Request URI = /libro/updateLibro
       Parameters = {}
          Headers = [Content-Type:"application/json;charset=UTF-8", Content-Length:"59"]
             Body = {"id":2,"name":"sancho pansa","description":"sancho pansa"}
    Session Attrs = {}

Handler:
             Type = co.edu.uniajc.biblioteca.controller.LibroController
           Method = co.edu.uniajc.biblioteca.controller.LibroController#updateLibro(Libro)

Async:
    Async started = false
     Async result = null

Resolved Exception:
             Type = null

ModelAndView:
        View name = null
             View = null
            Model = null

FlashMap:
       Attributes = null

MockHttpServletResponse:
           Status = 200
    Error message = null
          Headers = [Content-Type:"application/json"]
     Content type = application/json
             Body = {"id":2,"name":"sancho pansa","description":"sancho pansa"}
    Forwarded URL = null
   Redirected URL = null
          Cookies = []
]]></system-out>
  <system-err><![CDATA[]]></system-err>
</testsuite>
