<?xml version="1.0" encoding="UTF-8"?>
<testsuite name="co.edu.uniajc.biblioteca.BibliotecaApplicationTests" tests="1" skipped="0" failures="0" errors="0" timestamp="2022-05-24T00:44:11" hostname="DESKTOP-P5DGQ0O" time="0.274">
  <properties/>
  <testcase name="contextLoads()" classname="co.edu.uniajc.biblioteca.BibliotecaApplicationTests" time="0.274"/>
  <system-out><![CDATA[19:44:00.521 [Test worker] DEBUG org.springframework.test.context.BootstrapUtils - Instantiating CacheAwareContextLoaderDelegate from class [org.springframework.test.context.cache.DefaultCacheAwareContextLoaderDelegate]
19:44:00.537 [Test worker] DEBUG org.springframework.test.context.BootstrapUtils - Instantiating BootstrapContext using constructor [public org.springframework.test.context.support.DefaultBootstrapContext(java.lang.Class,org.springframework.test.context.CacheAwareContextLoaderDelegate)]
19:44:00.633 [Test worker] DEBUG org.springframework.test.context.BootstrapUtils - Instantiating TestContextBootstrapper for test class [co.edu.uniajc.biblioteca.BibliotecaApplicationTests] from class [org.springframework.boot.test.context.SpringBootTestContextBootstrapper]
19:44:00.655 [Test worker] INFO org.springframework.boot.test.context.SpringBootTestContextBootstrapper - Neither @ContextConfiguration nor @ContextHierarchy found for test class [co.edu.uniajc.biblioteca.BibliotecaApplicationTests], using SpringBootContextLoader
19:44:00.671 [Test worker] DEBUG org.springframework.test.context.support.AbstractContextLoader - Did not detect default resource location for test class [co.edu.uniajc.biblioteca.BibliotecaApplicationTests]: class path resource [co/edu/uniajc/biblioteca/BibliotecaApplicationTests-context.xml] does not exist
19:44:00.671 [Test worker] DEBUG org.springframework.test.context.support.AbstractContextLoader - Did not detect default resource location for test class [co.edu.uniajc.biblioteca.BibliotecaApplicationTests]: class path resource [co/edu/uniajc/biblioteca/BibliotecaApplicationTestsContext.groovy] does not exist
19:44:00.671 [Test worker] INFO org.springframework.test.context.support.AbstractContextLoader - Could not detect default resource locations for test class [co.edu.uniajc.biblioteca.BibliotecaApplicationTests]: no resource found for suffixes {-context.xml, Context.groovy}.
19:44:00.671 [Test worker] INFO org.springframework.test.context.support.AnnotationConfigContextLoaderUtils - Could not detect default configuration classes for test class [co.edu.uniajc.biblioteca.BibliotecaApplicationTests]: BibliotecaApplicationTests does not declare any static, non-private, non-final, nested classes annotated with @Configuration.
19:44:00.776 [Test worker] DEBUG org.springframework.test.context.support.ActiveProfilesUtils - Could not find an 'annotation declaring class' for annotation type [org.springframework.test.context.ActiveProfiles] and class [co.edu.uniajc.biblioteca.BibliotecaApplicationTests]
19:44:00.905 [Test worker] DEBUG org.springframework.context.annotation.ClassPathScanningCandidateComponentProvider - Identified candidate component class: file [C:\workspace\Backend\build\classes\kotlin\main\co\edu\uniajc\biblioteca\BibliotecaApplication.class]
19:44:00.905 [Test worker] INFO org.springframework.boot.test.context.SpringBootTestContextBootstrapper - Found @SpringBootConfiguration co.edu.uniajc.biblioteca.BibliotecaApplication for test class co.edu.uniajc.biblioteca.BibliotecaApplicationTests
19:44:01.094 [Test worker] DEBUG org.springframework.boot.test.context.SpringBootTestContextBootstrapper - @TestExecutionListeners is not present for class [co.edu.uniajc.biblioteca.BibliotecaApplicationTests]: using defaults.
19:44:01.094 [Test worker] INFO org.springframework.boot.test.context.SpringBootTestContextBootstrapper - Loaded default TestExecutionListener class names from location [META-INF/spring.factories]: [org.springframework.boot.test.autoconfigure.restdocs.RestDocsTestExecutionListener, org.springframework.boot.test.autoconfigure.web.client.MockRestServiceServerResetTestExecutionListener, org.springframework.boot.test.autoconfigure.web.servlet.MockMvcPrintOnlyOnFailureTestExecutionListener, org.springframework.boot.test.autoconfigure.web.servlet.WebDriverTestExecutionListener, org.springframework.boot.test.autoconfigure.webservices.client.MockWebServiceServerTestExecutionListener, org.springframework.boot.test.mock.mockito.MockitoTestExecutionListener, org.springframework.boot.test.mock.mockito.ResetMocksTestExecutionListener, org.springframework.test.context.web.ServletTestExecutionListener, org.springframework.test.context.support.DirtiesContextBeforeModesTestExecutionListener, org.springframework.test.context.event.ApplicationEventsTestExecutionListener, org.springframework.test.context.support.DependencyInjectionTestExecutionListener, org.springframework.test.context.support.DirtiesContextTestExecutionListener, org.springframework.test.context.transaction.TransactionalTestExecutionListener, org.springframework.test.context.jdbc.SqlScriptsTestExecutionListener, org.springframework.test.context.event.EventPublishingTestExecutionListener]
19:44:01.141 [Test worker] INFO org.springframework.boot.test.context.SpringBootTestContextBootstrapper - Using TestExecutionListeners: [org.springframework.test.context.web.ServletTestExecutionListener@1d3e5a05, org.springframework.test.context.support.DirtiesContextBeforeModesTestExecutionListener@4f5c757c, org.springframework.test.context.event.ApplicationEventsTestExecutionListener@52fec840, org.springframework.boot.test.mock.mockito.MockitoTestExecutionListener@7fd4b9ec, org.springframework.boot.test.autoconfigure.SpringBootDependencyInjectionTestExecutionListener@10553a61, org.springframework.test.context.support.DirtiesContextTestExecutionListener@3c8e4a82, org.springframework.test.context.transaction.TransactionalTestExecutionListener@1896299b, org.springframework.test.context.jdbc.SqlScriptsTestExecutionListener@42d7e8bc, org.springframework.test.context.event.EventPublishingTestExecutionListener@7b6854b5, org.springframework.boot.test.autoconfigure.restdocs.RestDocsTestExecutionListener@357cdb00, org.springframework.boot.test.autoconfigure.web.client.MockRestServiceServerResetTestExecutionListener@1c0fe6c5, org.springframework.boot.test.autoconfigure.web.servlet.MockMvcPrintOnlyOnFailureTestExecutionListener@61607ff0, org.springframework.boot.test.autoconfigure.web.servlet.WebDriverTestExecutionListener@58945295, org.springframework.boot.test.autoconfigure.webservices.client.MockWebServiceServerTestExecutionListener@b63365c, org.springframework.boot.test.mock.mockito.ResetMocksTestExecutionListener@6839d03b]
19:44:01.141 [Test worker] DEBUG org.springframework.test.context.support.AbstractDirtiesContextTestExecutionListener - Before test class: context [DefaultTestContext@6a013bdd testClass = BibliotecaApplicationTests, testInstance = [null], testMethod = [null], testException = [null], mergedContextConfiguration = [WebMergedContextConfiguration@5e0bba2f testClass = BibliotecaApplicationTests, locations = '{}', classes = '{class co.edu.uniajc.biblioteca.BibliotecaApplication}', contextInitializerClasses = '[]', activeProfiles = '{}', propertySourceLocations = '{}', propertySourceProperties = '{org.springframework.boot.test.context.SpringBootTestContextBootstrapper=true}', contextCustomizers = set[org.springframework.boot.test.autoconfigure.actuate.metrics.MetricsExportContextCustomizerFactory$DisableMetricExportContextCustomizer@41bb1f09, org.springframework.boot.test.autoconfigure.properties.PropertyMappingContextCustomizer@0, org.springframework.boot.test.autoconfigure.web.servlet.WebDriverContextCustomizerFactory$Customizer@547aaa32, org.springframework.boot.test.context.filter.ExcludeFilterContextCustomizer@65e4cb84, org.springframework.boot.test.json.DuplicateJsonObjectContextCustomizerFactory$DuplicateJsonObjectContextCustomizer@d16209e, org.springframework.boot.test.mock.mockito.MockitoContextCustomizer@0, org.springframework.boot.test.web.client.TestRestTemplateContextCustomizer@f59da34, org.springframework.boot.test.context.SpringBootTestArgs@1, org.springframework.boot.test.context.SpringBootTestWebEnvironment@7158daf2], resourceBasePath = 'src/main/webapp', contextLoader = 'org.springframework.boot.test.context.SpringBootContextLoader', parent = [null]], attributes = map['org.springframework.test.context.web.ServletTestExecutionListener.activateListener' -> true]], class annotated with @DirtiesContext [false] with mode [null].

  .   ____          _            __ _ _
 /\\ / ___'_ __ _ _(_)_ __  __ _ \ \ \ \
( ( )\___ | '_ | '_| | '_ \/ _` | \ \ \ \
 \\/  ___)| |_)| | | | | || (_| |  ) ) ) )
  '  |____| .__|_| |_|_| |_\__, | / / / /
 =========|_|==============|___/=/_/_/_/
 :: Spring Boot ::                (v2.6.7)

2022-05-23 19:44:01.760  INFO 9792 --- [    Test worker] c.e.u.b.BibliotecaApplicationTests       : Starting BibliotecaApplicationTests using Java 11.0.13 on DESKTOP-P5DGQ0O with PID 9792 (started by Cristian RM in C:\workspace\Backend)
2022-05-23 19:44:01.760  INFO 9792 --- [    Test worker] c.e.u.b.BibliotecaApplicationTests       : No active profile set, falling back to 1 default profile: "default"
2022-05-23 19:44:03.873  INFO 9792 --- [    Test worker] .s.d.r.c.RepositoryConfigurationDelegate : Bootstrapping Spring Data JPA repositories in DEFAULT mode.
2022-05-23 19:44:03.986  INFO 9792 --- [    Test worker] .s.d.r.c.RepositoryConfigurationDelegate : Finished Spring Data repository scanning in 93 ms. Found 4 JPA repository interfaces.
2022-05-23 19:44:05.297  INFO 9792 --- [    Test worker] com.zaxxer.hikari.HikariDataSource       : HikariPool-1 - Starting...
2022-05-23 19:44:05.741  INFO 9792 --- [    Test worker] com.zaxxer.hikari.HikariDataSource       : HikariPool-1 - Start completed.
2022-05-23 19:44:05.791  INFO 9792 --- [    Test worker] o.f.c.internal.license.VersionPrinter    : Flyway Community Edition 8.0.5 by Redgate
2022-05-23 19:44:05.791  INFO 9792 --- [    Test worker] o.f.c.i.database.base.BaseDatabaseType   : Database: jdbc:postgresql://localhost:5432/biblioteca (PostgreSQL 14.2)
2022-05-23 19:44:05.901  INFO 9792 --- [    Test worker] o.f.core.internal.command.DbValidate     : Successfully validated 1 migration (execution time 00:00.047s)
2022-05-23 19:44:05.916  INFO 9792 --- [    Test worker] o.f.core.internal.command.DbMigrate      : Current version of schema "schemaConce": null
2022-05-23 19:44:05.916  INFO 9792 --- [    Test worker] o.f.core.internal.command.DbMigrate      : Schema "schemaConce" is up to date. No migration necessary.
2022-05-23 19:44:06.326  INFO 9792 --- [    Test worker] o.hibernate.jpa.internal.util.LogHelper  : HHH000204: Processing PersistenceUnitInfo [name: default]
2022-05-23 19:44:06.469  INFO 9792 --- [    Test worker] org.hibernate.Version                    : HHH000412: Hibernate ORM core version 5.6.8.Final
2022-05-23 19:44:06.846  INFO 9792 --- [    Test worker] o.hibernate.annotations.common.Version   : HCANN000001: Hibernate Commons Annotations {5.1.2.Final}
2022-05-23 19:44:07.048  INFO 9792 --- [    Test worker] org.hibernate.dialect.Dialect            : HHH000400: Using dialect: org.hibernate.dialect.PostgreSQL94Dialect
2022-05-23 19:44:07.647  INFO 9792 --- [    Test worker] o.h.e.t.j.p.i.JtaPlatformInitiator       : HHH000490: Using JtaPlatform implementation: [org.hibernate.engine.transaction.jta.platform.internal.NoJtaPlatform]
2022-05-23 19:44:07.663  INFO 9792 --- [    Test worker] j.LocalContainerEntityManagerFactoryBean : Initialized JPA EntityManagerFactory for persistence unit 'default'
2022-05-23 19:44:08.777  WARN 9792 --- [    Test worker] JpaBaseConfiguration$JpaWebConfiguration : spring.jpa.open-in-view is enabled by default. Therefore, database queries may be performed during view rendering. Explicitly configure spring.jpa.open-in-view to disable this warning
2022-05-23 19:44:11.133  INFO 9792 --- [    Test worker] o.s.b.a.e.web.EndpointLinksResolver      : Exposing 1 endpoint(s) beneath base path '/actuator'
2022-05-23 19:44:11.196  INFO 9792 --- [    Test worker] c.e.u.b.BibliotecaApplicationTests       : Started BibliotecaApplicationTests in 9.991 seconds (JVM running for 12.287)
]]></system-out>
  <system-err><![CDATA[]]></system-err>
</testsuite>
