<?xml version="1.0" encoding="UTF-8"?>
<testsuite name="GET /revista/listarRevista" tests="1" skipped="0" failures="0" errors="0" timestamp="2022-05-25T00:57:32" hostname="MacBook-Pro-de-USUARIO.local" time="0.115">
  <properties/>
  <testcase name="listar revistas()" classname="co.edu.uniajc.biblioteca.controller.RevistaControllerTest$listarRevista" time="0.115"/>
  <system-out><![CDATA[2022-05-24 19:57:32.469  INFO 5493 --- [    Test worker] .b.t.c.SpringBootTestContextBootstrapper : Neither @ContextConfiguration nor @ContextHierarchy found for test class [co.edu.uniajc.biblioteca.controller.RevistaControllerTest$listarRevista], using SpringBootContextLoader
2022-05-24 19:57:32.472  INFO 5493 --- [    Test worker] o.s.t.c.support.AbstractContextLoader    : Could not detect default resource locations for test class [co.edu.uniajc.biblioteca.controller.RevistaControllerTest$listarRevista]: no resource found for suffixes {-context.xml, Context.groovy}.
2022-05-24 19:57:32.479  INFO 5493 --- [    Test worker] t.c.s.AnnotationConfigContextLoaderUtils : Could not detect default configuration classes for test class [co.edu.uniajc.biblioteca.controller.RevistaControllerTest$listarRevista]: listarRevista does not declare any static, non-private, non-final, nested classes annotated with @Configuration.
2022-05-24 19:57:32.490  INFO 5493 --- [    Test worker] .b.t.c.SpringBootTestContextBootstrapper : Found @SpringBootConfiguration co.edu.uniajc.biblioteca.BibliotecaApplication for test class co.edu.uniajc.biblioteca.controller.RevistaControllerTest$listarRevista
2022-05-24 19:57:32.499  INFO 5493 --- [    Test worker] .b.t.c.SpringBootTestContextBootstrapper : Loaded default TestExecutionListener class names from location [META-INF/spring.factories]: [org.springframework.boot.test.autoconfigure.restdocs.RestDocsTestExecutionListener, org.springframework.boot.test.autoconfigure.web.client.MockRestServiceServerResetTestExecutionListener, org.springframework.boot.test.autoconfigure.web.servlet.MockMvcPrintOnlyOnFailureTestExecutionListener, org.springframework.boot.test.autoconfigure.web.servlet.WebDriverTestExecutionListener, org.springframework.boot.test.autoconfigure.webservices.client.MockWebServiceServerTestExecutionListener, org.springframework.boot.test.mock.mockito.MockitoTestExecutionListener, org.springframework.boot.test.mock.mockito.ResetMocksTestExecutionListener, org.springframework.test.context.web.ServletTestExecutionListener, org.springframework.test.context.support.DirtiesContextBeforeModesTestExecutionListener, org.springframework.test.context.event.ApplicationEventsTestExecutionListener, org.springframework.test.context.support.DependencyInjectionTestExecutionListener, org.springframework.test.context.support.DirtiesContextTestExecutionListener, org.springframework.test.context.transaction.TransactionalTestExecutionListener, org.springframework.test.context.jdbc.SqlScriptsTestExecutionListener, org.springframework.test.context.event.EventPublishingTestExecutionListener]
2022-05-24 19:57:32.500  INFO 5493 --- [    Test worker] .b.t.c.SpringBootTestContextBootstrapper : Using TestExecutionListeners: [org.springframework.test.context.web.ServletTestExecutionListener@6545b369, org.springframework.test.context.support.DirtiesContextBeforeModesTestExecutionListener@30612fa6, org.springframework.test.context.event.ApplicationEventsTestExecutionListener@59feb691, org.springframework.boot.test.mock.mockito.MockitoTestExecutionListener@16cef1cf, org.springframework.boot.test.autoconfigure.SpringBootDependencyInjectionTestExecutionListener@5e58c684, org.springframework.test.context.support.DirtiesContextTestExecutionListener@67fddef6, org.springframework.test.context.transaction.TransactionalTestExecutionListener@4b1ba6a6, org.springframework.test.context.jdbc.SqlScriptsTestExecutionListener@2aba7683, org.springframework.test.context.event.EventPublishingTestExecutionListener@32cef9b6, org.springframework.boot.test.autoconfigure.restdocs.RestDocsTestExecutionListener@3b4d9b77, org.springframework.boot.test.autoconfigure.web.client.MockRestServiceServerResetTestExecutionListener@2d75342e, org.springframework.boot.test.autoconfigure.web.servlet.MockMvcPrintOnlyOnFailureTestExecutionListener@5482416d, org.springframework.boot.test.autoconfigure.web.servlet.WebDriverTestExecutionListener@11c40102, org.springframework.boot.test.autoconfigure.webservices.client.MockWebServiceServerTestExecutionListener@4685b66e, org.springframework.boot.test.mock.mockito.ResetMocksTestExecutionListener@42553ed4]

MockHttpServletRequest:
      HTTP Method = GET
      Request URI = /revista/listarRevista
       Parameters = {}
          Headers = []
             Body = null
    Session Attrs = {}

Handler:
             Type = co.edu.uniajc.biblioteca.controller.RevistaController
           Method = co.edu.uniajc.biblioteca.controller.RevistaController#ListarLibros()

Async:
    Async started = false
     Async result = null

Resolved Exception:
             Type = null

ModelAndView:
        View name = null
             View = null
            Model = null

FlashMap:
       Attributes = null

MockHttpServletResponse:
           Status = 200
    Error message = null
          Headers = [Content-Type:"application/json"]
     Content type = application/json
             Body = [{"id":1,"name":"sancho pansa","description":"sancho pansa"},{"id":2,"name":"sancho pansa","description":"sancho pansa"}]
    Forwarded URL = null
   Redirected URL = null
          Cookies = []
]]></system-out>
  <system-err><![CDATA[]]></system-err>
</testsuite>
