<?xml version="1.0" encoding="UTF-8"?>
<testsuite name="GET /genero/listarGeneros" tests="1" skipped="0" failures="0" errors="0" timestamp="2022-05-25T00:57:31" hostname="MacBook-Pro-de-USUARIO.local" time="0.144">
  <properties/>
  <testcase name="listar libros()" classname="co.edu.uniajc.biblioteca.controller.GeneroControllerTest$CrearLibro" time="0.144"/>
  <system-out><![CDATA[2022-05-24 19:57:31.321  INFO 5493 --- [    Test worker] .b.t.c.SpringBootTestContextBootstrapper : Neither @ContextConfiguration nor @ContextHierarchy found for test class [co.edu.uniajc.biblioteca.controller.GeneroControllerTest$CrearLibro], using SpringBootContextLoader
2022-05-24 19:57:31.327  INFO 5493 --- [    Test worker] o.s.t.c.support.AbstractContextLoader    : Could not detect default resource locations for test class [co.edu.uniajc.biblioteca.controller.GeneroControllerTest$CrearLibro]: no resource found for suffixes {-context.xml, Context.groovy}.
2022-05-24 19:57:31.328  INFO 5493 --- [    Test worker] t.c.s.AnnotationConfigContextLoaderUtils : Could not detect default configuration classes for test class [co.edu.uniajc.biblioteca.controller.GeneroControllerTest$CrearLibro]: CrearLibro does not declare any static, non-private, non-final, nested classes annotated with @Configuration.
2022-05-24 19:57:31.337  INFO 5493 --- [    Test worker] .b.t.c.SpringBootTestContextBootstrapper : Found @SpringBootConfiguration co.edu.uniajc.biblioteca.BibliotecaApplication for test class co.edu.uniajc.biblioteca.controller.GeneroControllerTest$CrearLibro
2022-05-24 19:57:31.345  INFO 5493 --- [    Test worker] .b.t.c.SpringBootTestContextBootstrapper : Loaded default TestExecutionListener class names from location [META-INF/spring.factories]: [org.springframework.boot.test.autoconfigure.restdocs.RestDocsTestExecutionListener, org.springframework.boot.test.autoconfigure.web.client.MockRestServiceServerResetTestExecutionListener, org.springframework.boot.test.autoconfigure.web.servlet.MockMvcPrintOnlyOnFailureTestExecutionListener, org.springframework.boot.test.autoconfigure.web.servlet.WebDriverTestExecutionListener, org.springframework.boot.test.autoconfigure.webservices.client.MockWebServiceServerTestExecutionListener, org.springframework.boot.test.mock.mockito.MockitoTestExecutionListener, org.springframework.boot.test.mock.mockito.ResetMocksTestExecutionListener, org.springframework.test.context.web.ServletTestExecutionListener, org.springframework.test.context.support.DirtiesContextBeforeModesTestExecutionListener, org.springframework.test.context.event.ApplicationEventsTestExecutionListener, org.springframework.test.context.support.DependencyInjectionTestExecutionListener, org.springframework.test.context.support.DirtiesContextTestExecutionListener, org.springframework.test.context.transaction.TransactionalTestExecutionListener, org.springframework.test.context.jdbc.SqlScriptsTestExecutionListener, org.springframework.test.context.event.EventPublishingTestExecutionListener]
2022-05-24 19:57:31.346  INFO 5493 --- [    Test worker] .b.t.c.SpringBootTestContextBootstrapper : Using TestExecutionListeners: [org.springframework.test.context.web.ServletTestExecutionListener@3217bc37, org.springframework.test.context.support.DirtiesContextBeforeModesTestExecutionListener@629808fc, org.springframework.test.context.event.ApplicationEventsTestExecutionListener@25a31013, org.springframework.boot.test.mock.mockito.MockitoTestExecutionListener@1e306f66, org.springframework.boot.test.autoconfigure.SpringBootDependencyInjectionTestExecutionListener@11498e93, org.springframework.test.context.support.DirtiesContextTestExecutionListener@33b4bbae, org.springframework.test.context.transaction.TransactionalTestExecutionListener@e2a1643, org.springframework.test.context.jdbc.SqlScriptsTestExecutionListener@137c13bf, org.springframework.test.context.event.EventPublishingTestExecutionListener@4e1c2a55, org.springframework.boot.test.autoconfigure.restdocs.RestDocsTestExecutionListener@58e391f3, org.springframework.boot.test.autoconfigure.web.client.MockRestServiceServerResetTestExecutionListener@6a50ca2, org.springframework.boot.test.autoconfigure.web.servlet.MockMvcPrintOnlyOnFailureTestExecutionListener@75371622, org.springframework.boot.test.autoconfigure.web.servlet.WebDriverTestExecutionListener@5a56c453, org.springframework.boot.test.autoconfigure.webservices.client.MockWebServiceServerTestExecutionListener@1e7ebae3, org.springframework.boot.test.mock.mockito.ResetMocksTestExecutionListener@30107592]

MockHttpServletRequest:
      HTTP Method = GET
      Request URI = /genero/listarGeneros
       Parameters = {}
          Headers = []
             Body = null
    Session Attrs = {}

Handler:
             Type = co.edu.uniajc.biblioteca.controller.GeneroController
           Method = co.edu.uniajc.biblioteca.controller.GeneroController#listarGeneros()

Async:
    Async started = false
     Async result = null

Resolved Exception:
             Type = null

ModelAndView:
        View name = null
             View = null
            Model = null

FlashMap:
       Attributes = null

MockHttpServletResponse:
           Status = 200
    Error message = null
          Headers = [Content-Type:"application/json"]
     Content type = application/json
             Body = [{"id":1,"name":"sancho pansa","description":"sancho pansa"},{"id":2,"name":"Horror","description":"Horror Clasico"},{"id":3,"name":"sancho pansa","description":"sancho pansa"}]
    Forwarded URL = null
   Redirected URL = null
          Cookies = []
]]></system-out>
  <system-err><![CDATA[]]></system-err>
</testsuite>
