<?xml version="1.0" encoding="UTF-8"?>
<testsuite name="POST /genero/updateGenero" tests="1" skipped="0" failures="0" errors="0" timestamp="2022-05-25T00:57:31" hostname="MacBook-Pro-de-USUARIO.local" time="0.3">
  <properties/>
  <testcase name="actualizar genero()" classname="co.edu.uniajc.biblioteca.controller.GeneroControllerTest$PostUpdateGenero" time="0.3"/>
  <system-out><![CDATA[2022-05-24 19:57:31.534  INFO 5493 --- [    Test worker] .b.t.c.SpringBootTestContextBootstrapper : Neither @ContextConfiguration nor @ContextHierarchy found for test class [co.edu.uniajc.biblioteca.controller.GeneroControllerTest$PostUpdateGenero], using SpringBootContextLoader
2022-05-24 19:57:31.541  INFO 5493 --- [    Test worker] o.s.t.c.support.AbstractContextLoader    : Could not detect default resource locations for test class [co.edu.uniajc.biblioteca.controller.GeneroControllerTest$PostUpdateGenero]: no resource found for suffixes {-context.xml, Context.groovy}.
2022-05-24 19:57:31.543  INFO 5493 --- [    Test worker] t.c.s.AnnotationConfigContextLoaderUtils : Could not detect default configuration classes for test class [co.edu.uniajc.biblioteca.controller.GeneroControllerTest$PostUpdateGenero]: PostUpdateGenero does not declare any static, non-private, non-final, nested classes annotated with @Configuration.
2022-05-24 19:57:31.552  INFO 5493 --- [    Test worker] .b.t.c.SpringBootTestContextBootstrapper : Found @SpringBootConfiguration co.edu.uniajc.biblioteca.BibliotecaApplication for test class co.edu.uniajc.biblioteca.controller.GeneroControllerTest$PostUpdateGenero
2022-05-24 19:57:31.562  INFO 5493 --- [    Test worker] .b.t.c.SpringBootTestContextBootstrapper : Loaded default TestExecutionListener class names from location [META-INF/spring.factories]: [org.springframework.boot.test.autoconfigure.restdocs.RestDocsTestExecutionListener, org.springframework.boot.test.autoconfigure.web.client.MockRestServiceServerResetTestExecutionListener, org.springframework.boot.test.autoconfigure.web.servlet.MockMvcPrintOnlyOnFailureTestExecutionListener, org.springframework.boot.test.autoconfigure.web.servlet.WebDriverTestExecutionListener, org.springframework.boot.test.autoconfigure.webservices.client.MockWebServiceServerTestExecutionListener, org.springframework.boot.test.mock.mockito.MockitoTestExecutionListener, org.springframework.boot.test.mock.mockito.ResetMocksTestExecutionListener, org.springframework.test.context.web.ServletTestExecutionListener, org.springframework.test.context.support.DirtiesContextBeforeModesTestExecutionListener, org.springframework.test.context.event.ApplicationEventsTestExecutionListener, org.springframework.test.context.support.DependencyInjectionTestExecutionListener, org.springframework.test.context.support.DirtiesContextTestExecutionListener, org.springframework.test.context.transaction.TransactionalTestExecutionListener, org.springframework.test.context.jdbc.SqlScriptsTestExecutionListener, org.springframework.test.context.event.EventPublishingTestExecutionListener]
2022-05-24 19:57:31.562  INFO 5493 --- [    Test worker] .b.t.c.SpringBootTestContextBootstrapper : Using TestExecutionListeners: [org.springframework.test.context.web.ServletTestExecutionListener@c958a25, org.springframework.test.context.support.DirtiesContextBeforeModesTestExecutionListener@77397cfa, org.springframework.test.context.event.ApplicationEventsTestExecutionListener@627d9ea1, org.springframework.boot.test.mock.mockito.MockitoTestExecutionListener@3f6075ce, org.springframework.boot.test.autoconfigure.SpringBootDependencyInjectionTestExecutionListener@1f8404a5, org.springframework.test.context.support.DirtiesContextTestExecutionListener@23e66503, org.springframework.test.context.transaction.TransactionalTestExecutionListener@2d607f48, org.springframework.test.context.jdbc.SqlScriptsTestExecutionListener@1112b12f, org.springframework.test.context.event.EventPublishingTestExecutionListener@2e0c2e84, org.springframework.boot.test.autoconfigure.restdocs.RestDocsTestExecutionListener@3ed2983b, org.springframework.boot.test.autoconfigure.web.client.MockRestServiceServerResetTestExecutionListener@10663a96, org.springframework.boot.test.autoconfigure.web.servlet.MockMvcPrintOnlyOnFailureTestExecutionListener@14f96a7c, org.springframework.boot.test.autoconfigure.web.servlet.WebDriverTestExecutionListener@5bce1e69, org.springframework.boot.test.autoconfigure.webservices.client.MockWebServiceServerTestExecutionListener@7177466b, org.springframework.boot.test.mock.mockito.ResetMocksTestExecutionListener@50e46059]

MockHttpServletRequest:
      HTTP Method = POST
      Request URI = /genero/updateGenero
       Parameters = {}
          Headers = [Content-Type:"application/json;charset=UTF-8", Content-Length:"59"]
             Body = {"id":2,"name":"sancho pansa","description":"sancho pansa"}
    Session Attrs = {}

Handler:
             Type = co.edu.uniajc.biblioteca.controller.GeneroController
           Method = co.edu.uniajc.biblioteca.controller.GeneroController#updateGenero(GeneroModel)

Async:
    Async started = false
     Async result = null

Resolved Exception:
             Type = null

ModelAndView:
        View name = null
             View = null
            Model = null

FlashMap:
       Attributes = null

MockHttpServletResponse:
           Status = 200
    Error message = null
          Headers = [Content-Type:"application/json"]
     Content type = application/json
             Body = {"id":2,"name":"sancho pansa","description":"sancho pansa"}
    Forwarded URL = null
   Redirected URL = null
          Cookies = []
]]></system-out>
  <system-err><![CDATA[]]></system-err>
</testsuite>
