<?xml version="1.0" encoding="UTF-8"?>
<testsuite name="co.edu.uniajc.biblioteca.controller.LibroControllerTest" tests="0" skipped="0" failures="0" errors="0" timestamp="1970-01-01T00:00:00" hostname="LAPTOP-7HPK3AKR" time="0.0">
  <properties/>
  <system-out><![CDATA[2022-05-24 11:42:10.684  INFO 2688 --- [    Test worker] .b.t.c.SpringBootTestContextBootstrapper : Neither @ContextConfiguration nor @ContextHierarchy found for test class [co.edu.uniajc.biblioteca.controller.LibroControllerTest], using SpringBootContextLoader
2022-05-24 11:42:10.685  INFO 2688 --- [    Test worker] o.s.t.c.support.AbstractContextLoader    : Could not detect default resource locations for test class [co.edu.uniajc.biblioteca.controller.LibroControllerTest]: no resource found for suffixes {-context.xml, Context.groovy}.
2022-05-24 11:42:10.686  INFO 2688 --- [    Test worker] t.c.s.AnnotationConfigContextLoaderUtils : Could not detect default configuration classes for test class [co.edu.uniajc.biblioteca.controller.LibroControllerTest]: LibroControllerTest does not declare any static, non-private, non-final, nested classes annotated with @Configuration.
2022-05-24 11:42:10.689  INFO 2688 --- [    Test worker] .b.t.c.SpringBootTestContextBootstrapper : Found @SpringBootConfiguration co.edu.uniajc.biblioteca.BibliotecaApplication for test class co.edu.uniajc.biblioteca.controller.LibroControllerTest
2022-05-24 11:42:10.692  INFO 2688 --- [    Test worker] .b.t.c.SpringBootTestContextBootstrapper : Loaded default TestExecutionListener class names from location [META-INF/spring.factories]: [org.springframework.boot.test.autoconfigure.restdocs.RestDocsTestExecutionListener, org.springframework.boot.test.autoconfigure.web.client.MockRestServiceServerResetTestExecutionListener, org.springframework.boot.test.autoconfigure.web.servlet.MockMvcPrintOnlyOnFailureTestExecutionListener, org.springframework.boot.test.autoconfigure.web.servlet.WebDriverTestExecutionListener, org.springframework.boot.test.autoconfigure.webservices.client.MockWebServiceServerTestExecutionListener, org.springframework.boot.test.mock.mockito.MockitoTestExecutionListener, org.springframework.boot.test.mock.mockito.ResetMocksTestExecutionListener, org.springframework.test.context.web.ServletTestExecutionListener, org.springframework.test.context.support.DirtiesContextBeforeModesTestExecutionListener, org.springframework.test.context.event.ApplicationEventsTestExecutionListener, org.springframework.test.context.support.DependencyInjectionTestExecutionListener, org.springframework.test.context.support.DirtiesContextTestExecutionListener, org.springframework.test.context.transaction.TransactionalTestExecutionListener, org.springframework.test.context.jdbc.SqlScriptsTestExecutionListener, org.springframework.test.context.event.EventPublishingTestExecutionListener]
2022-05-24 11:42:10.693  INFO 2688 --- [    Test worker] .b.t.c.SpringBootTestContextBootstrapper : Using TestExecutionListeners: [org.springframework.test.context.web.ServletTestExecutionListener@6fdba5bc, org.springframework.test.context.support.DirtiesContextBeforeModesTestExecutionListener@531e044, org.springframework.test.context.event.ApplicationEventsTestExecutionListener@2ad8bfb, org.springframework.boot.test.mock.mockito.MockitoTestExecutionListener@6aa925c8, org.springframework.boot.test.autoconfigure.SpringBootDependencyInjectionTestExecutionListener@58ed8b64, org.springframework.test.context.support.DirtiesContextTestExecutionListener@525473fd, org.springframework.test.context.transaction.TransactionalTestExecutionListener@3cc8c81f, org.springframework.test.context.jdbc.SqlScriptsTestExecutionListener@1fec3d2b, org.springframework.test.context.event.EventPublishingTestExecutionListener@2b6e2319, org.springframework.boot.test.autoconfigure.restdocs.RestDocsTestExecutionListener@5ad47612, org.springframework.boot.test.autoconfigure.web.client.MockRestServiceServerResetTestExecutionListener@20a6c567, org.springframework.boot.test.autoconfigure.web.servlet.MockMvcPrintOnlyOnFailureTestExecutionListener@5eddb13d, org.springframework.boot.test.autoconfigure.web.servlet.WebDriverTestExecutionListener@4f13714, org.springframework.boot.test.autoconfigure.webservices.client.MockWebServiceServerTestExecutionListener@7d6ca57e, org.springframework.boot.test.mock.mockito.ResetMocksTestExecutionListener@6b77da49]
]]></system-out>
  <system-err><![CDATA[]]></system-err>
</testsuite>
