<?xml version="1.0" encoding="UTF-8"?>
<testsuite name="co.edu.uniajc.biblioteca.BibliotecaApplicationTests" tests="1" skipped="0" failures="0" errors="0" timestamp="2022-05-17T01:34:38" hostname="DESKTOP-P5DGQ0O" time="0.287">
  <properties/>
  <testcase name="contextLoads()" classname="co.edu.uniajc.biblioteca.BibliotecaApplicationTests" time="0.287"/>
  <system-out><![CDATA[20:34:30.772 [Test worker] DEBUG org.springframework.test.context.BootstrapUtils - Instantiating CacheAwareContextLoaderDelegate from class [org.springframework.test.context.cache.DefaultCacheAwareContextLoaderDelegate]
20:34:30.807 [Test worker] DEBUG org.springframework.test.context.BootstrapUtils - Instantiating BootstrapContext using constructor [public org.springframework.test.context.support.DefaultBootstrapContext(java.lang.Class,org.springframework.test.context.CacheAwareContextLoaderDelegate)]
20:34:30.882 [Test worker] DEBUG org.springframework.test.context.BootstrapUtils - Instantiating TestContextBootstrapper for test class [co.edu.uniajc.biblioteca.BibliotecaApplicationTests] from class [org.springframework.boot.test.context.SpringBootTestContextBootstrapper]
20:34:30.907 [Test worker] INFO org.springframework.boot.test.context.SpringBootTestContextBootstrapper - Neither @ContextConfiguration nor @ContextHierarchy found for test class [co.edu.uniajc.biblioteca.BibliotecaApplicationTests], using SpringBootContextLoader
20:34:30.917 [Test worker] DEBUG org.springframework.test.context.support.AbstractContextLoader - Did not detect default resource location for test class [co.edu.uniajc.biblioteca.BibliotecaApplicationTests]: class path resource [co/edu/uniajc/biblioteca/BibliotecaApplicationTests-context.xml] does not exist
20:34:30.918 [Test worker] DEBUG org.springframework.test.context.support.AbstractContextLoader - Did not detect default resource location for test class [co.edu.uniajc.biblioteca.BibliotecaApplicationTests]: class path resource [co/edu/uniajc/biblioteca/BibliotecaApplicationTestsContext.groovy] does not exist
20:34:30.918 [Test worker] INFO org.springframework.test.context.support.AbstractContextLoader - Could not detect default resource locations for test class [co.edu.uniajc.biblioteca.BibliotecaApplicationTests]: no resource found for suffixes {-context.xml, Context.groovy}.
20:34:30.919 [Test worker] INFO org.springframework.test.context.support.AnnotationConfigContextLoaderUtils - Could not detect default configuration classes for test class [co.edu.uniajc.biblioteca.BibliotecaApplicationTests]: BibliotecaApplicationTests does not declare any static, non-private, non-final, nested classes annotated with @Configuration.
20:34:30.992 [Test worker] DEBUG org.springframework.test.context.support.ActiveProfilesUtils - Could not find an 'annotation declaring class' for annotation type [org.springframework.test.context.ActiveProfiles] and class [co.edu.uniajc.biblioteca.BibliotecaApplicationTests]
20:34:31.118 [Test worker] DEBUG org.springframework.context.annotation.ClassPathScanningCandidateComponentProvider - Identified candidate component class: file [C:\workspace\Backend\build\classes\kotlin\main\co\edu\uniajc\biblioteca\BibliotecaApplication.class]
20:34:31.122 [Test worker] INFO org.springframework.boot.test.context.SpringBootTestContextBootstrapper - Found @SpringBootConfiguration co.edu.uniajc.biblioteca.BibliotecaApplication for test class co.edu.uniajc.biblioteca.BibliotecaApplicationTests
20:34:31.346 [Test worker] DEBUG org.springframework.boot.test.context.SpringBootTestContextBootstrapper - @TestExecutionListeners is not present for class [co.edu.uniajc.biblioteca.BibliotecaApplicationTests]: using defaults.
20:34:31.348 [Test worker] INFO org.springframework.boot.test.context.SpringBootTestContextBootstrapper - Loaded default TestExecutionListener class names from location [META-INF/spring.factories]: [org.springframework.boot.test.autoconfigure.restdocs.RestDocsTestExecutionListener, org.springframework.boot.test.autoconfigure.web.client.MockRestServiceServerResetTestExecutionListener, org.springframework.boot.test.autoconfigure.web.servlet.MockMvcPrintOnlyOnFailureTestExecutionListener, org.springframework.boot.test.autoconfigure.web.servlet.WebDriverTestExecutionListener, org.springframework.boot.test.autoconfigure.webservices.client.MockWebServiceServerTestExecutionListener, org.springframework.boot.test.mock.mockito.MockitoTestExecutionListener, org.springframework.boot.test.mock.mockito.ResetMocksTestExecutionListener, org.springframework.test.context.web.ServletTestExecutionListener, org.springframework.test.context.support.DirtiesContextBeforeModesTestExecutionListener, org.springframework.test.context.event.ApplicationEventsTestExecutionListener, org.springframework.test.context.support.DependencyInjectionTestExecutionListener, org.springframework.test.context.support.DirtiesContextTestExecutionListener, org.springframework.test.context.transaction.TransactionalTestExecutionListener, org.springframework.test.context.jdbc.SqlScriptsTestExecutionListener, org.springframework.test.context.event.EventPublishingTestExecutionListener]
20:34:31.391 [Test worker] INFO org.springframework.boot.test.context.SpringBootTestContextBootstrapper - Using TestExecutionListeners: [org.springframework.test.context.web.ServletTestExecutionListener@4504a4ed, org.springframework.test.context.support.DirtiesContextBeforeModesTestExecutionListener@7ee3a2ed, org.springframework.test.context.event.ApplicationEventsTestExecutionListener@38363e96, org.springframework.boot.test.mock.mockito.MockitoTestExecutionListener@35c95869, org.springframework.boot.test.autoconfigure.SpringBootDependencyInjectionTestExecutionListener@558aa1f1, org.springframework.test.context.support.DirtiesContextTestExecutionListener@361d8567, org.springframework.test.context.transaction.TransactionalTestExecutionListener@3fd6dfbc, org.springframework.test.context.jdbc.SqlScriptsTestExecutionListener@4023d23f, org.springframework.test.context.event.EventPublishingTestExecutionListener@402676e3, org.springframework.boot.test.autoconfigure.restdocs.RestDocsTestExecutionListener@1a4ae53d, org.springframework.boot.test.autoconfigure.web.client.MockRestServiceServerResetTestExecutionListener@1368e2f7, org.springframework.boot.test.autoconfigure.web.servlet.MockMvcPrintOnlyOnFailureTestExecutionListener@4d84688f, org.springframework.boot.test.autoconfigure.web.servlet.WebDriverTestExecutionListener@3ee68eb2, org.springframework.boot.test.autoconfigure.webservices.client.MockWebServiceServerTestExecutionListener@7348e75e, org.springframework.boot.test.mock.mockito.ResetMocksTestExecutionListener@27e3dc9a]
20:34:31.398 [Test worker] DEBUG org.springframework.test.context.support.AbstractDirtiesContextTestExecutionListener - Before test class: context [DefaultTestContext@5aa334c testClass = BibliotecaApplicationTests, testInstance = [null], testMethod = [null], testException = [null], mergedContextConfiguration = [WebMergedContextConfiguration@17f8cad6 testClass = BibliotecaApplicationTests, locations = '{}', classes = '{class co.edu.uniajc.biblioteca.BibliotecaApplication}', contextInitializerClasses = '[]', activeProfiles = '{}', propertySourceLocations = '{}', propertySourceProperties = '{org.springframework.boot.test.context.SpringBootTestContextBootstrapper=true}', contextCustomizers = set[org.springframework.boot.test.autoconfigure.actuate.metrics.MetricsExportContextCustomizerFactory$DisableMetricExportContextCustomizer@4cecc15a, org.springframework.boot.test.autoconfigure.properties.PropertyMappingContextCustomizer@0, org.springframework.boot.test.autoconfigure.web.servlet.WebDriverContextCustomizerFactory$Customizer@14874a5d, org.springframework.boot.test.context.filter.ExcludeFilterContextCustomizer@5d3f99d7, org.springframework.boot.test.json.DuplicateJsonObjectContextCustomizerFactory$DuplicateJsonObjectContextCustomizer@fabef2e, org.springframework.boot.test.mock.mockito.MockitoContextCustomizer@0, org.springframework.boot.test.web.client.TestRestTemplateContextCustomizer@56c42964, org.springframework.boot.test.context.SpringBootTestArgs@1, org.springframework.boot.test.context.SpringBootTestWebEnvironment@68e7c8c3], resourceBasePath = 'src/main/webapp', contextLoader = 'org.springframework.boot.test.context.SpringBootContextLoader', parent = [null]], attributes = map['org.springframework.test.context.web.ServletTestExecutionListener.activateListener' -> true]], class annotated with @DirtiesContext [false] with mode [null].

  .   ____          _            __ _ _
 /\\ / ___'_ __ _ _(_)_ __  __ _ \ \ \ \
( ( )\___ | '_ | '_| | '_ \/ _` | \ \ \ \
 \\/  ___)| |_)| | | | | || (_| |  ) ) ) )
  '  |____| .__|_| |_|_| |_\__, | / / / /
 =========|_|==============|___/=/_/_/_/
 :: Spring Boot ::                (v2.6.7)

2022-05-16 20:34:31.944  INFO 15988 --- [    Test worker] c.e.u.b.BibliotecaApplicationTests       : Starting BibliotecaApplicationTests using Java 11.0.13 on DESKTOP-P5DGQ0O with PID 15988 (started by Cristian RM in C:\workspace\Backend)
2022-05-16 20:34:31.946  INFO 15988 --- [    Test worker] c.e.u.b.BibliotecaApplicationTests       : No active profile set, falling back to 1 default profile: "default"
2022-05-16 20:34:33.528  INFO 15988 --- [    Test worker] .s.d.r.c.RepositoryConfigurationDelegate : Bootstrapping Spring Data JPA repositories in DEFAULT mode.
2022-05-16 20:34:33.619  INFO 15988 --- [    Test worker] .s.d.r.c.RepositoryConfigurationDelegate : Finished Spring Data repository scanning in 73 ms. Found 4 JPA repository interfaces.
2022-05-16 20:34:34.398  INFO 15988 --- [    Test worker] com.zaxxer.hikari.HikariDataSource       : HikariPool-1 - Starting...
2022-05-16 20:34:34.810  INFO 15988 --- [    Test worker] com.zaxxer.hikari.HikariDataSource       : HikariPool-1 - Start completed.
2022-05-16 20:34:34.854  INFO 15988 --- [    Test worker] o.f.c.internal.license.VersionPrinter    : Flyway Community Edition 8.0.5 by Redgate
2022-05-16 20:34:34.855  INFO 15988 --- [    Test worker] o.f.c.i.database.base.BaseDatabaseType   : Database: jdbc:postgresql://localhost:5432/biblioteca (PostgreSQL 14.2)
2022-05-16 20:34:34.931  INFO 15988 --- [    Test worker] o.f.core.internal.command.DbValidate     : Successfully validated 1 migration (execution time 00:00.036s)
2022-05-16 20:34:34.944  INFO 15988 --- [    Test worker] o.f.core.internal.command.DbMigrate      : Current version of schema "schemaConce": null
2022-05-16 20:34:34.945  INFO 15988 --- [    Test worker] o.f.core.internal.command.DbMigrate      : Schema "schemaConce" is up to date. No migration necessary.
2022-05-16 20:34:35.227  INFO 15988 --- [    Test worker] o.hibernate.jpa.internal.util.LogHelper  : HHH000204: Processing PersistenceUnitInfo [name: default]
2022-05-16 20:34:35.392  INFO 15988 --- [    Test worker] org.hibernate.Version                    : HHH000412: Hibernate ORM core version 5.6.8.Final
2022-05-16 20:34:35.715  INFO 15988 --- [    Test worker] o.hibernate.annotations.common.Version   : HCANN000001: Hibernate Commons Annotations {5.1.2.Final}
2022-05-16 20:34:35.918  INFO 15988 --- [    Test worker] org.hibernate.dialect.Dialect            : HHH000400: Using dialect: org.hibernate.dialect.PostgreSQL94Dialect
2022-05-16 20:34:36.593  INFO 15988 --- [    Test worker] o.h.e.t.j.p.i.JtaPlatformInitiator       : HHH000490: Using JtaPlatform implementation: [org.hibernate.engine.transaction.jta.platform.internal.NoJtaPlatform]
2022-05-16 20:34:36.609  INFO 15988 --- [    Test worker] j.LocalContainerEntityManagerFactoryBean : Initialized JPA EntityManagerFactory for persistence unit 'default'
2022-05-16 20:34:37.502  WARN 15988 --- [    Test worker] JpaBaseConfiguration$JpaWebConfiguration : spring.jpa.open-in-view is enabled by default. Therefore, database queries may be performed during view rendering. Explicitly configure spring.jpa.open-in-view to disable this warning
2022-05-16 20:34:38.622  INFO 15988 --- [    Test worker] o.s.b.a.e.web.EndpointLinksResolver      : Exposing 1 endpoint(s) beneath base path '/actuator'
2022-05-16 20:34:38.683  INFO 15988 --- [    Test worker] c.e.u.b.BibliotecaApplicationTests       : Started BibliotecaApplicationTests in 7.21 seconds (JVM running for 9.575)
]]></system-out>
  <system-err><![CDATA[]]></system-err>
</testsuite>
