<?xml version="1.0" encoding="UTF-8"?>
<testsuite name="GET /revista/listarRevista" tests="1" skipped="0" failures="0" errors="0" timestamp="2022-05-24T16:42:10" hostname="LAPTOP-7HPK3AKR" time="0.041">
  <properties/>
  <testcase name="listar revistas()" classname="co.edu.uniajc.biblioteca.controller.RevistaControllerTest$listarRevista" time="0.041"/>
  <system-out><![CDATA[2022-05-24 11:42:10.851  INFO 2688 --- [    Test worker] .b.t.c.SpringBootTestContextBootstrapper : Neither @ContextConfiguration nor @ContextHierarchy found for test class [co.edu.uniajc.biblioteca.controller.RevistaControllerTest$listarRevista], using SpringBootContextLoader
2022-05-24 11:42:10.852  INFO 2688 --- [    Test worker] o.s.t.c.support.AbstractContextLoader    : Could not detect default resource locations for test class [co.edu.uniajc.biblioteca.controller.RevistaControllerTest$listarRevista]: no resource found for suffixes {-context.xml, Context.groovy}.
2022-05-24 11:42:10.852  INFO 2688 --- [    Test worker] t.c.s.AnnotationConfigContextLoaderUtils : Could not detect default configuration classes for test class [co.edu.uniajc.biblioteca.controller.RevistaControllerTest$listarRevista]: listarRevista does not declare any static, non-private, non-final, nested classes annotated with @Configuration.
2022-05-24 11:42:10.855  INFO 2688 --- [    Test worker] .b.t.c.SpringBootTestContextBootstrapper : Found @SpringBootConfiguration co.edu.uniajc.biblioteca.BibliotecaApplication for test class co.edu.uniajc.biblioteca.controller.RevistaControllerTest$listarRevista
2022-05-24 11:42:10.858  INFO 2688 --- [    Test worker] .b.t.c.SpringBootTestContextBootstrapper : Loaded default TestExecutionListener class names from location [META-INF/spring.factories]: [org.springframework.boot.test.autoconfigure.restdocs.RestDocsTestExecutionListener, org.springframework.boot.test.autoconfigure.web.client.MockRestServiceServerResetTestExecutionListener, org.springframework.boot.test.autoconfigure.web.servlet.MockMvcPrintOnlyOnFailureTestExecutionListener, org.springframework.boot.test.autoconfigure.web.servlet.WebDriverTestExecutionListener, org.springframework.boot.test.autoconfigure.webservices.client.MockWebServiceServerTestExecutionListener, org.springframework.boot.test.mock.mockito.MockitoTestExecutionListener, org.springframework.boot.test.mock.mockito.ResetMocksTestExecutionListener, org.springframework.test.context.web.ServletTestExecutionListener, org.springframework.test.context.support.DirtiesContextBeforeModesTestExecutionListener, org.springframework.test.context.event.ApplicationEventsTestExecutionListener, org.springframework.test.context.support.DependencyInjectionTestExecutionListener, org.springframework.test.context.support.DirtiesContextTestExecutionListener, org.springframework.test.context.transaction.TransactionalTestExecutionListener, org.springframework.test.context.jdbc.SqlScriptsTestExecutionListener, org.springframework.test.context.event.EventPublishingTestExecutionListener]
2022-05-24 11:42:10.858  INFO 2688 --- [    Test worker] .b.t.c.SpringBootTestContextBootstrapper : Using TestExecutionListeners: [org.springframework.test.context.web.ServletTestExecutionListener@320ccc93, org.springframework.test.context.support.DirtiesContextBeforeModesTestExecutionListener@27a8e122, org.springframework.test.context.event.ApplicationEventsTestExecutionListener@5a736207, org.springframework.boot.test.mock.mockito.MockitoTestExecutionListener@5b0868e7, org.springframework.boot.test.autoconfigure.SpringBootDependencyInjectionTestExecutionListener@f345f41, org.springframework.test.context.support.DirtiesContextTestExecutionListener@6ff50e74, org.springframework.test.context.transaction.TransactionalTestExecutionListener@2e573ad7, org.springframework.test.context.jdbc.SqlScriptsTestExecutionListener@360030aa, org.springframework.test.context.event.EventPublishingTestExecutionListener@1b63bf7c, org.springframework.boot.test.autoconfigure.restdocs.RestDocsTestExecutionListener@5c2294ca, org.springframework.boot.test.autoconfigure.web.client.MockRestServiceServerResetTestExecutionListener@4bb48c1b, org.springframework.boot.test.autoconfigure.web.servlet.MockMvcPrintOnlyOnFailureTestExecutionListener@7c8670a7, org.springframework.boot.test.autoconfigure.web.servlet.WebDriverTestExecutionListener@7a18b814, org.springframework.boot.test.autoconfigure.webservices.client.MockWebServiceServerTestExecutionListener@3254f759, org.springframework.boot.test.mock.mockito.ResetMocksTestExecutionListener@5def615c]

MockHttpServletRequest:
      HTTP Method = GET
      Request URI = /revista/listarRevista
       Parameters = {}
          Headers = []
             Body = null
    Session Attrs = {}

Handler:
             Type = co.edu.uniajc.biblioteca.controller.RevistaController
           Method = co.edu.uniajc.biblioteca.controller.RevistaController#ListarLibros()

Async:
    Async started = false
     Async result = null

Resolved Exception:
             Type = null

ModelAndView:
        View name = null
             View = null
            Model = null

FlashMap:
       Attributes = null

MockHttpServletResponse:
           Status = 200
    Error message = null
          Headers = [Content-Type:"application/json"]
     Content type = application/json
             Body = [{"id":1,"name":"sancho pansa","description":"sancho pansa"},{"id":2,"name":"sancho pansa","description":"sancho pansa"},{"id":3,"name":"sancho pansa","description":"sancho pansa"},{"id":4,"name":"sancho pansa","description":"sancho pansa"},{"id":5,"name":"sancho pansa","description":"sancho pansa"},{"id":6,"name":"sancho pansa","description":"sancho pansa"}]
    Forwarded URL = null
   Redirected URL = null
          Cookies = []
]]></system-out>
  <system-err><![CDATA[]]></system-err>
</testsuite>
