<?xml version="1.0" encoding="UTF-8"?>
<testsuite name="co.edu.uniajc.biblioteca.controller.GeneroControllerTest" tests="0" skipped="0" failures="0" errors="0" timestamp="1970-01-01T00:00:00" hostname="MacBook-Pro-de-USUARIO.local" time="0.0">
  <properties/>
  <system-out><![CDATA[2022-05-24 19:57:31.222  INFO 5493 --- [    Test worker] .b.t.c.SpringBootTestContextBootstrapper : Neither @ContextConfiguration nor @ContextHierarchy found for test class [co.edu.uniajc.biblioteca.controller.GeneroControllerTest], using SpringBootContextLoader
2022-05-24 19:57:31.225  INFO 5493 --- [    Test worker] o.s.t.c.support.AbstractContextLoader    : Could not detect default resource locations for test class [co.edu.uniajc.biblioteca.controller.GeneroControllerTest]: no resource found for suffixes {-context.xml, Context.groovy}.
2022-05-24 19:57:31.225  INFO 5493 --- [    Test worker] t.c.s.AnnotationConfigContextLoaderUtils : Could not detect default configuration classes for test class [co.edu.uniajc.biblioteca.controller.GeneroControllerTest]: GeneroControllerTest does not declare any static, non-private, non-final, nested classes annotated with @Configuration.
2022-05-24 19:57:31.232  INFO 5493 --- [    Test worker] .b.t.c.SpringBootTestContextBootstrapper : Found @SpringBootConfiguration co.edu.uniajc.biblioteca.BibliotecaApplication for test class co.edu.uniajc.biblioteca.controller.GeneroControllerTest
2022-05-24 19:57:31.239  INFO 5493 --- [    Test worker] .b.t.c.SpringBootTestContextBootstrapper : Loaded default TestExecutionListener class names from location [META-INF/spring.factories]: [org.springframework.boot.test.autoconfigure.restdocs.RestDocsTestExecutionListener, org.springframework.boot.test.autoconfigure.web.client.MockRestServiceServerResetTestExecutionListener, org.springframework.boot.test.autoconfigure.web.servlet.MockMvcPrintOnlyOnFailureTestExecutionListener, org.springframework.boot.test.autoconfigure.web.servlet.WebDriverTestExecutionListener, org.springframework.boot.test.autoconfigure.webservices.client.MockWebServiceServerTestExecutionListener, org.springframework.boot.test.mock.mockito.MockitoTestExecutionListener, org.springframework.boot.test.mock.mockito.ResetMocksTestExecutionListener, org.springframework.test.context.web.ServletTestExecutionListener, org.springframework.test.context.support.DirtiesContextBeforeModesTestExecutionListener, org.springframework.test.context.event.ApplicationEventsTestExecutionListener, org.springframework.test.context.support.DependencyInjectionTestExecutionListener, org.springframework.test.context.support.DirtiesContextTestExecutionListener, org.springframework.test.context.transaction.TransactionalTestExecutionListener, org.springframework.test.context.jdbc.SqlScriptsTestExecutionListener, org.springframework.test.context.event.EventPublishingTestExecutionListener]
2022-05-24 19:57:31.241  INFO 5493 --- [    Test worker] .b.t.c.SpringBootTestContextBootstrapper : Using TestExecutionListeners: [org.springframework.test.context.web.ServletTestExecutionListener@55b567c0, org.springframework.test.context.support.DirtiesContextBeforeModesTestExecutionListener@282ded42, org.springframework.test.context.event.ApplicationEventsTestExecutionListener@3123dfb3, org.springframework.boot.test.mock.mockito.MockitoTestExecutionListener@1dab0c5e, org.springframework.boot.test.autoconfigure.SpringBootDependencyInjectionTestExecutionListener@63def34c, org.springframework.test.context.support.DirtiesContextTestExecutionListener@24de4588, org.springframework.test.context.transaction.TransactionalTestExecutionListener@b2fd8e7, org.springframework.test.context.jdbc.SqlScriptsTestExecutionListener@4e23ec20, org.springframework.test.context.event.EventPublishingTestExecutionListener@5af3223b, org.springframework.boot.test.autoconfigure.restdocs.RestDocsTestExecutionListener@cd7dee8, org.springframework.boot.test.autoconfigure.web.client.MockRestServiceServerResetTestExecutionListener@794ac775, org.springframework.boot.test.autoconfigure.web.servlet.MockMvcPrintOnlyOnFailureTestExecutionListener@28d97690, org.springframework.boot.test.autoconfigure.web.servlet.WebDriverTestExecutionListener@6bf86b4a, org.springframework.boot.test.autoconfigure.webservices.client.MockWebServiceServerTestExecutionListener@59eac843, org.springframework.boot.test.mock.mockito.ResetMocksTestExecutionListener@7634cd64]
]]></system-out>
  <system-err><![CDATA[]]></system-err>
</testsuite>
